{
  "/Users/ravikumarkaklotar/Desktop/RCWILLEY/cypress/support/commands.js": {
    "path": "/Users/ravikumarkaklotar/Desktop/RCWILLEY/cypress/support/commands.js",
    "statementMap": {
      "0": {
        "start": {
          "line": 29,
          "column": 0
        },
        "end": {
          "line": 32,
          "column": 7
        }
      },
      "1": {
        "start": {
          "line": 30,
          "column": 4
        },
        "end": {
          "line": 30,
          "column": 36
        }
      }
    },
    "fnMap": {
      "0": {
        "name": "(anonymous_0)",
        "decl": {
          "start": {
            "line": 29,
            "column": 31
          },
          "end": {
            "line": 29,
            "column": 32
          }
        },
        "loc": {
          "start": {
            "line": 29,
            "column": 44
          },
          "end": {
            "line": 32,
            "column": 6
          }
        },
        "line": 29
      }
    },
    "branchMap": {},
    "s": {
      "0": 1,
      "1": 4
    },
    "f": {
      "0": 4
    },
    "b": {},
    "_coverageSchema": "1a1c01bbd47fc00a2c39e90264f33305004495a9",
    "hash": "664793c1038696240f6003f079b7de9ea79089d5"
  },
  "/Users/ravikumarkaklotar/Desktop/RCWILLEY/cypress/support/e2e.js": {
    "path": "/Users/ravikumarkaklotar/Desktop/RCWILLEY/cypress/support/e2e.js",
    "statementMap": {
      "0": {
        "start": {
          "line": 26,
          "column": 12
        },
        "end": {
          "line": 26,
          "column": 22
        }
      },
      "1": {
        "start": {
          "line": 27,
          "column": 0
        },
        "end": {
          "line": 32,
          "column": 1
        }
      },
      "2": {
        "start": {
          "line": 28,
          "column": 15
        },
        "end": {
          "line": 28,
          "column": 50
        }
      },
      "3": {
        "start": {
          "line": 29,
          "column": 1
        },
        "end": {
          "line": 29,
          "column": 79
        }
      },
      "4": {
        "start": {
          "line": 30,
          "column": 1
        },
        "end": {
          "line": 30,
          "column": 57
        }
      },
      "5": {
        "start": {
          "line": 31,
          "column": 1
        },
        "end": {
          "line": 31,
          "column": 38
        }
      }
    },
    "fnMap": {},
    "branchMap": {
      "0": {
        "loc": {
          "start": {
            "line": 27,
            "column": 0
          },
          "end": {
            "line": 32,
            "column": 1
          }
        },
        "type": "if",
        "locations": [
          {
            "start": {
              "line": 27,
              "column": 0
            },
            "end": {
              "line": 32,
              "column": 1
            }
          },
          {
            "start": {},
            "end": {}
          }
        ],
        "line": 27
      }
    },
    "s": {
      "0": 1,
      "1": 1,
      "2": 1,
      "3": 1,
      "4": 1,
      "5": 1
    },
    "f": {},
    "b": {
      "0": [
        1,
        0
      ]
    },
    "_coverageSchema": "1a1c01bbd47fc00a2c39e90264f33305004495a9",
    "hash": "f7f7c209c4083426cef277661a6f53f6756beab3"
  },
  "/Users/ravikumarkaklotar/Desktop/RCWILLEY/cypress/e2e/pageObjects/addToCart.js": {
    "path": "/Users/ravikumarkaklotar/Desktop/RCWILLEY/cypress/e2e/pageObjects/addToCart.js",
    "statementMap": {
      "0": {
        "start": {
          "line": 1,
          "column": 20
        },
        "end": {
          "line": 1,
          "column": 59
        }
      },
      "1": {
        "start": {
          "line": 3,
          "column": 20
        },
        "end": {
          "line": 3,
          "column": 75
        }
      },
      "2": {
        "start": {
          "line": 4,
          "column": 25
        },
        "end": {
          "line": 4,
          "column": 100
        }
      },
      "3": {
        "start": {
          "line": 5,
          "column": 35
        },
        "end": {
          "line": 5,
          "column": 82
        }
      },
      "4": {
        "start": {
          "line": 6,
          "column": 16
        },
        "end": {
          "line": 6,
          "column": 67
        }
      },
      "5": {
        "start": {
          "line": 7,
          "column": 17
        },
        "end": {
          "line": 7,
          "column": 28
        }
      },
      "6": {
        "start": {
          "line": 10,
          "column": 26
        },
        "end": {
          "line": 10,
          "column": 50
        }
      },
      "7": {
        "start": {
          "line": 11,
          "column": 22
        },
        "end": {
          "line": 11,
          "column": 43
        }
      },
      "8": {
        "start": {
          "line": 17,
          "column": 0
        },
        "end": {
          "line": 17,
          "column": 31
        }
      },
      "9": {
        "start": {
          "line": 21,
          "column": 4
        },
        "end": {
          "line": 21,
          "column": 17
        }
      },
      "10": {
        "start": {
          "line": 22,
          "column": 4
        },
        "end": {
          "line": 22,
          "column": 34
        }
      },
      "11": {
        "start": {
          "line": 27,
          "column": 4
        },
        "end": {
          "line": 27,
          "column": 32
        }
      },
      "12": {
        "start": {
          "line": 28,
          "column": 4
        },
        "end": {
          "line": 28,
          "column": 37
        }
      },
      "13": {
        "start": {
          "line": 33,
          "column": 4
        },
        "end": {
          "line": 33,
          "column": 17
        }
      },
      "14": {
        "start": {
          "line": 36,
          "column": 5
        },
        "end": {
          "line": 36,
          "column": 25
        }
      },
      "15": {
        "start": {
          "line": 37,
          "column": 8
        },
        "end": {
          "line": 37,
          "column": 33
        }
      },
      "16": {
        "start": {
          "line": 41,
          "column": 4
        },
        "end": {
          "line": 41,
          "column": 17
        }
      },
      "17": {
        "start": {
          "line": 42,
          "column": 4
        },
        "end": {
          "line": 42,
          "column": 29
        }
      },
      "18": {
        "start": {
          "line": 52,
          "column": 4
        },
        "end": {
          "line": 52,
          "column": 17
        }
      },
      "19": {
        "start": {
          "line": 54,
          "column": 0
        },
        "end": {
          "line": 54,
          "column": 34
        }
      },
      "20": {
        "start": {
          "line": 59,
          "column": 4
        },
        "end": {
          "line": 59,
          "column": 30
        }
      },
      "21": {
        "start": {
          "line": 60,
          "column": 2
        },
        "end": {
          "line": 60,
          "column": 32
        }
      }
    },
    "fnMap": {
      "0": {
        "name": "(anonymous_0)",
        "decl": {
          "start": {
            "line": 15,
            "column": 0
          },
          "end": {
            "line": 15,
            "column": 1
          }
        },
        "loc": {
          "start": {
            "line": 16,
            "column": 0
          },
          "end": {
            "line": 18,
            "column": 1
          }
        },
        "line": 16
      },
      "1": {
        "name": "(anonymous_1)",
        "decl": {
          "start": {
            "line": 19,
            "column": 0
          },
          "end": {
            "line": 19,
            "column": 1
          }
        },
        "loc": {
          "start": {
            "line": 20,
            "column": 0
          },
          "end": {
            "line": 23,
            "column": 1
          }
        },
        "line": 20
      },
      "2": {
        "name": "(anonymous_2)",
        "decl": {
          "start": {
            "line": 25,
            "column": 0
          },
          "end": {
            "line": 25,
            "column": 1
          }
        },
        "loc": {
          "start": {
            "line": 26,
            "column": 0
          },
          "end": {
            "line": 29,
            "column": 1
          }
        },
        "line": 26
      },
      "3": {
        "name": "(anonymous_3)",
        "decl": {
          "start": {
            "line": 31,
            "column": 0
          },
          "end": {
            "line": 31,
            "column": 1
          }
        },
        "loc": {
          "start": {
            "line": 32,
            "column": 0
          },
          "end": {
            "line": 38,
            "column": 1
          }
        },
        "line": 32
      },
      "4": {
        "name": "(anonymous_4)",
        "decl": {
          "start": {
            "line": 39,
            "column": 0
          },
          "end": {
            "line": 39,
            "column": 1
          }
        },
        "loc": {
          "start": {
            "line": 40,
            "column": 0
          },
          "end": {
            "line": 43,
            "column": 1
          }
        },
        "line": 40
      },
      "5": {
        "name": "(anonymous_5)",
        "decl": {
          "start": {
            "line": 50,
            "column": 0
          },
          "end": {
            "line": 50,
            "column": 1
          }
        },
        "loc": {
          "start": {
            "line": 51,
            "column": 0
          },
          "end": {
            "line": 55,
            "column": 1
          }
        },
        "line": 51
      },
      "6": {
        "name": "(anonymous_6)",
        "decl": {
          "start": {
            "line": 57,
            "column": 0
          },
          "end": {
            "line": 57,
            "column": 1
          }
        },
        "loc": {
          "start": {
            "line": 58,
            "column": 0
          },
          "end": {
            "line": 61,
            "column": 1
          }
        },
        "line": 58
      }
    },
    "branchMap": {},
    "s": {
      "0": 1,
      "1": 1,
      "2": 1,
      "3": 1,
      "4": 1,
      "5": 1,
      "6": 1,
      "7": 1,
      "8": 0,
      "9": 0,
      "10": 0,
      "11": 0,
      "12": 0,
      "13": 0,
      "14": 0,
      "15": 0,
      "16": 2,
      "17": 2,
      "18": 2,
      "19": 2,
      "20": 2,
      "21": 2
    },
    "f": {
      "0": 0,
      "1": 0,
      "2": 0,
      "3": 0,
      "4": 2,
      "5": 2,
      "6": 2
    },
    "b": {},
    "_coverageSchema": "1a1c01bbd47fc00a2c39e90264f33305004495a9",
    "hash": "b59d335b21afb141def31cdf51dce14d71022148"
  },
  "/Users/ravikumarkaklotar/Desktop/RCWILLEY/cypress/e2e/stepDefinitions/addToCart.cy.js": {
    "path": "/Users/ravikumarkaklotar/Desktop/RCWILLEY/cypress/e2e/stepDefinitions/addToCart.cy.js",
    "statementMap": {
      "0": {
        "start": {
          "line": 4,
          "column": 12
        },
        "end": {
          "line": 4,
          "column": 27
        }
      },
      "1": {
        "start": {
          "line": 6,
          "column": 0
        },
        "end": {
          "line": 8,
          "column": 3
        }
      },
      "2": {
        "start": {
          "line": 7,
          "column": 0
        },
        "end": {
          "line": 7,
          "column": 14
        }
      },
      "3": {
        "start": {
          "line": 10,
          "column": 0
        },
        "end": {
          "line": 12,
          "column": 3
        }
      },
      "4": {
        "start": {
          "line": 11,
          "column": 3
        },
        "end": {
          "line": 11,
          "column": 31
        }
      },
      "5": {
        "start": {
          "line": 14,
          "column": 0
        },
        "end": {
          "line": 16,
          "column": 3
        }
      },
      "6": {
        "start": {
          "line": 15,
          "column": 4
        },
        "end": {
          "line": 15,
          "column": 30
        }
      },
      "7": {
        "start": {
          "line": 18,
          "column": 0
        },
        "end": {
          "line": 20,
          "column": 3
        }
      },
      "8": {
        "start": {
          "line": 19,
          "column": 4
        },
        "end": {
          "line": 19,
          "column": 34
        }
      },
      "9": {
        "start": {
          "line": 22,
          "column": 0
        },
        "end": {
          "line": 24,
          "column": 3
        }
      },
      "10": {
        "start": {
          "line": 26,
          "column": 0
        },
        "end": {
          "line": 28,
          "column": 3
        }
      },
      "11": {
        "start": {
          "line": 30,
          "column": 0
        },
        "end": {
          "line": 32,
          "column": 3
        }
      },
      "12": {
        "start": {
          "line": 31,
          "column": 3
        },
        "end": {
          "line": 31,
          "column": 27
        }
      },
      "13": {
        "start": {
          "line": 34,
          "column": 0
        },
        "end": {
          "line": 36,
          "column": 3
        }
      },
      "14": {
        "start": {
          "line": 38,
          "column": 0
        },
        "end": {
          "line": 40,
          "column": 3
        }
      },
      "15": {
        "start": {
          "line": 42,
          "column": 0
        },
        "end": {
          "line": 46,
          "column": 4
        }
      },
      "16": {
        "start": {
          "line": 45,
          "column": 4
        },
        "end": {
          "line": 45,
          "column": 27
        }
      },
      "17": {
        "start": {
          "line": 48,
          "column": 1
        },
        "end": {
          "line": 50,
          "column": 3
        }
      },
      "18": {
        "start": {
          "line": 52,
          "column": 0
        },
        "end": {
          "line": 54,
          "column": 4
        }
      },
      "19": {
        "start": {
          "line": 53,
          "column": 3
        },
        "end": {
          "line": 53,
          "column": 36
        }
      },
      "20": {
        "start": {
          "line": 57,
          "column": 1
        },
        "end": {
          "line": 59,
          "column": 3
        }
      },
      "21": {
        "start": {
          "line": 58,
          "column": 4
        },
        "end": {
          "line": 58,
          "column": 57
        }
      }
    },
    "fnMap": {
      "0": {
        "name": "(anonymous_0)",
        "decl": {
          "start": {
            "line": 6,
            "column": 31
          },
          "end": {
            "line": 6,
            "column": 32
          }
        },
        "loc": {
          "start": {
            "line": 6,
            "column": 37
          },
          "end": {
            "line": 8,
            "column": 1
          }
        },
        "line": 6
      },
      "1": {
        "name": "(anonymous_1)",
        "decl": {
          "start": {
            "line": 10,
            "column": 37
          },
          "end": {
            "line": 10,
            "column": 38
          }
        },
        "loc": {
          "start": {
            "line": 10,
            "column": 43
          },
          "end": {
            "line": 12,
            "column": 1
          }
        },
        "line": 10
      },
      "2": {
        "name": "(anonymous_2)",
        "decl": {
          "start": {
            "line": 14,
            "column": 39
          },
          "end": {
            "line": 14,
            "column": 40
          }
        },
        "loc": {
          "start": {
            "line": 14,
            "column": 45
          },
          "end": {
            "line": 16,
            "column": 1
          }
        },
        "line": 14
      },
      "3": {
        "name": "(anonymous_3)",
        "decl": {
          "start": {
            "line": 18,
            "column": 34
          },
          "end": {
            "line": 18,
            "column": 35
          }
        },
        "loc": {
          "start": {
            "line": 18,
            "column": 40
          },
          "end": {
            "line": 20,
            "column": 1
          }
        },
        "line": 18
      },
      "4": {
        "name": "(anonymous_4)",
        "decl": {
          "start": {
            "line": 22,
            "column": 48
          },
          "end": {
            "line": 22,
            "column": 49
          }
        },
        "loc": {
          "start": {
            "line": 22,
            "column": 54
          },
          "end": {
            "line": 24,
            "column": 1
          }
        },
        "line": 22
      },
      "5": {
        "name": "(anonymous_5)",
        "decl": {
          "start": {
            "line": 26,
            "column": 50
          },
          "end": {
            "line": 26,
            "column": 51
          }
        },
        "loc": {
          "start": {
            "line": 26,
            "column": 56
          },
          "end": {
            "line": 28,
            "column": 1
          }
        },
        "line": 26
      },
      "6": {
        "name": "(anonymous_6)",
        "decl": {
          "start": {
            "line": 30,
            "column": 42
          },
          "end": {
            "line": 30,
            "column": 43
          }
        },
        "loc": {
          "start": {
            "line": 30,
            "column": 48
          },
          "end": {
            "line": 32,
            "column": 1
          }
        },
        "line": 30
      },
      "7": {
        "name": "(anonymous_7)",
        "decl": {
          "start": {
            "line": 34,
            "column": 44
          },
          "end": {
            "line": 34,
            "column": 45
          }
        },
        "loc": {
          "start": {
            "line": 34,
            "column": 50
          },
          "end": {
            "line": 36,
            "column": 1
          }
        },
        "line": 34
      },
      "8": {
        "name": "(anonymous_8)",
        "decl": {
          "start": {
            "line": 38,
            "column": 44
          },
          "end": {
            "line": 38,
            "column": 45
          }
        },
        "loc": {
          "start": {
            "line": 38,
            "column": 50
          },
          "end": {
            "line": 40,
            "column": 1
          }
        },
        "line": 38
      },
      "9": {
        "name": "(anonymous_9)",
        "decl": {
          "start": {
            "line": 42,
            "column": 35
          },
          "end": {
            "line": 42,
            "column": 36
          }
        },
        "loc": {
          "start": {
            "line": 42,
            "column": 41
          },
          "end": {
            "line": 46,
            "column": 2
          }
        },
        "line": 42
      },
      "10": {
        "name": "(anonymous_10)",
        "decl": {
          "start": {
            "line": 48,
            "column": 42
          },
          "end": {
            "line": 48,
            "column": 43
          }
        },
        "loc": {
          "start": {
            "line": 48,
            "column": 48
          },
          "end": {
            "line": 50,
            "column": 1
          }
        },
        "line": 48
      },
      "11": {
        "name": "(anonymous_11)",
        "decl": {
          "start": {
            "line": 52,
            "column": 44
          },
          "end": {
            "line": 52,
            "column": 45
          }
        },
        "loc": {
          "start": {
            "line": 52,
            "column": 50
          },
          "end": {
            "line": 54,
            "column": 2
          }
        },
        "line": 52
      },
      "12": {
        "name": "(anonymous_12)",
        "decl": {
          "start": {
            "line": 57,
            "column": 43
          },
          "end": {
            "line": 57,
            "column": 44
          }
        },
        "loc": {
          "start": {
            "line": 57,
            "column": 49
          },
          "end": {
            "line": 59,
            "column": 1
          }
        },
        "line": 57
      }
    },
    "branchMap": {},
    "s": {
      "0": 1,
      "1": 1,
      "2": 2,
      "3": 1,
      "4": 0,
      "5": 1,
      "6": 0,
      "7": 1,
      "8": 0,
      "9": 1,
      "10": 1,
      "11": 1,
      "12": 0,
      "13": 1,
      "14": 1,
      "15": 1,
      "16": 2,
      "17": 1,
      "18": 1,
      "19": 2,
      "20": 1,
      "21": 2
    },
    "f": {
      "0": 2,
      "1": 0,
      "2": 0,
      "3": 0,
      "4": 0,
      "5": 0,
      "6": 0,
      "7": 2,
      "8": 0,
      "9": 2,
      "10": 2,
      "11": 2,
      "12": 2
    },
    "b": {},
    "_coverageSchema": "1a1c01bbd47fc00a2c39e90264f33305004495a9",
    "hash": "23419ac254561a5a8e8b636d2524a05b3c1d6a52"
  },
  "/Users/ravikumarkaklotar/Desktop/RCWILLEY/cypress/e2e/pageObjects/electronicsPageObject/protectionPlansObject.js": {
    "path": "/Users/ravikumarkaklotar/Desktop/RCWILLEY/cypress/e2e/pageObjects/electronicsPageObject/protectionPlansObject.js",
    "statementMap": {
      "0": {
        "start": {
          "line": 1,
          "column": 24
        },
        "end": {
          "line": 1,
          "column": 68
        }
      },
      "1": {
        "start": {
          "line": 4,
          "column": 24
        },
        "end": {
          "line": 4,
          "column": 79
        }
      },
      "2": {
        "start": {
          "line": 5,
          "column": 24
        },
        "end": {
          "line": 5,
          "column": 83
        }
      },
      "3": {
        "start": {
          "line": 7,
          "column": 21
        },
        "end": {
          "line": 7,
          "column": 74
        }
      },
      "4": {
        "start": {
          "line": 8,
          "column": 31
        },
        "end": {
          "line": 8,
          "column": 44
        }
      },
      "5": {
        "start": {
          "line": 9,
          "column": 34
        },
        "end": {
          "line": 9,
          "column": 67
        }
      },
      "6": {
        "start": {
          "line": 10,
          "column": 34
        },
        "end": {
          "line": 10,
          "column": 75
        }
      },
      "7": {
        "start": {
          "line": 11,
          "column": 34
        },
        "end": {
          "line": 11,
          "column": 47
        }
      },
      "8": {
        "start": {
          "line": 16,
          "column": 8
        },
        "end": {
          "line": 16,
          "column": 39
        }
      },
      "9": {
        "start": {
          "line": 19,
          "column": 8
        },
        "end": {
          "line": 22,
          "column": 44
        }
      },
      "10": {
        "start": {
          "line": 20,
          "column": 12
        },
        "end": {
          "line": 20,
          "column": 44
        }
      },
      "11": {
        "start": {
          "line": 22,
          "column": 12
        },
        "end": {
          "line": 22,
          "column": 44
        }
      },
      "12": {
        "start": {
          "line": 25,
          "column": 8
        },
        "end": {
          "line": 25,
          "column": 32
        }
      },
      "13": {
        "start": {
          "line": 26,
          "column": 8
        },
        "end": {
          "line": 26,
          "column": 37
        }
      },
      "14": {
        "start": {
          "line": 29,
          "column": 8
        },
        "end": {
          "line": 29,
          "column": 45
        }
      },
      "15": {
        "start": {
          "line": 32,
          "column": 8
        },
        "end": {
          "line": 32,
          "column": 49
        }
      },
      "16": {
        "start": {
          "line": 33,
          "column": 8
        },
        "end": {
          "line": 33,
          "column": 20
        }
      },
      "17": {
        "start": {
          "line": 36,
          "column": 8
        },
        "end": {
          "line": 36,
          "column": 49
        }
      },
      "18": {
        "start": {
          "line": 37,
          "column": 8
        },
        "end": {
          "line": 37,
          "column": 20
        }
      },
      "19": {
        "start": {
          "line": 41,
          "column": 8
        },
        "end": {
          "line": 41,
          "column": 48
        }
      }
    },
    "fnMap": {
      "0": {
        "name": "(anonymous_0)",
        "decl": {
          "start": {
            "line": 15,
            "column": 4
          },
          "end": {
            "line": 15,
            "column": 5
          }
        },
        "loc": {
          "start": {
            "line": 15,
            "column": 30
          },
          "end": {
            "line": 17,
            "column": 5
          }
        },
        "line": 15
      },
      "1": {
        "name": "(anonymous_1)",
        "decl": {
          "start": {
            "line": 18,
            "column": 4
          },
          "end": {
            "line": 18,
            "column": 5
          }
        },
        "loc": {
          "start": {
            "line": 18,
            "column": 26
          },
          "end": {
            "line": 23,
            "column": 5
          }
        },
        "line": 18
      },
      "2": {
        "name": "(anonymous_2)",
        "decl": {
          "start": {
            "line": 24,
            "column": 4
          },
          "end": {
            "line": 24,
            "column": 5
          }
        },
        "loc": {
          "start": {
            "line": 24,
            "column": 27
          },
          "end": {
            "line": 27,
            "column": 5
          }
        },
        "line": 24
      },
      "3": {
        "name": "(anonymous_3)",
        "decl": {
          "start": {
            "line": 28,
            "column": 4
          },
          "end": {
            "line": 28,
            "column": 5
          }
        },
        "loc": {
          "start": {
            "line": 28,
            "column": 33
          },
          "end": {
            "line": 30,
            "column": 5
          }
        },
        "line": 28
      },
      "4": {
        "name": "(anonymous_4)",
        "decl": {
          "start": {
            "line": 31,
            "column": 4
          },
          "end": {
            "line": 31,
            "column": 5
          }
        },
        "loc": {
          "start": {
            "line": 31,
            "column": 39
          },
          "end": {
            "line": 34,
            "column": 5
          }
        },
        "line": 31
      },
      "5": {
        "name": "(anonymous_5)",
        "decl": {
          "start": {
            "line": 35,
            "column": 4
          },
          "end": {
            "line": 35,
            "column": 5
          }
        },
        "loc": {
          "start": {
            "line": 35,
            "column": 39
          },
          "end": {
            "line": 38,
            "column": 5
          }
        },
        "line": 35
      },
      "6": {
        "name": "(anonymous_6)",
        "decl": {
          "start": {
            "line": 40,
            "column": 4
          },
          "end": {
            "line": 40,
            "column": 5
          }
        },
        "loc": {
          "start": {
            "line": 40,
            "column": 36
          },
          "end": {
            "line": 42,
            "column": 5
          }
        },
        "line": 40
      }
    },
    "branchMap": {
      "0": {
        "loc": {
          "start": {
            "line": 19,
            "column": 8
          },
          "end": {
            "line": 22,
            "column": 44
          }
        },
        "type": "if",
        "locations": [
          {
            "start": {
              "line": 19,
              "column": 8
            },
            "end": {
              "line": 22,
              "column": 44
            }
          },
          {
            "start": {
              "line": 22,
              "column": 12
            },
            "end": {
              "line": 22,
              "column": 44
            }
          }
        ],
        "line": 19
      }
    },
    "s": {
      "0": 1,
      "1": 1,
      "2": 1,
      "3": 1,
      "4": 1,
      "5": 1,
      "6": 1,
      "7": 1,
      "8": 2,
      "9": 2,
      "10": 2,
      "11": 0,
      "12": 2,
      "13": 2,
      "14": 2,
      "15": 1,
      "16": 1,
      "17": 1,
      "18": 1,
      "19": 2
    },
    "f": {
      "0": 2,
      "1": 2,
      "2": 2,
      "3": 2,
      "4": 1,
      "5": 1,
      "6": 2
    },
    "b": {
      "0": [
        2,
        0
      ]
    },
    "_coverageSchema": "1a1c01bbd47fc00a2c39e90264f33305004495a9",
    "hash": "99d0fa4b9560d90fe6470e172dcf80740c41b57f"
  },
  "/Users/ravikumarkaklotar/Desktop/RCWILLEY/cypress/e2e/stepDefinitions/electronicsStepDefinitiopns/protectionPlans.cy.js": {
    "path": "/Users/ravikumarkaklotar/Desktop/RCWILLEY/cypress/e2e/stepDefinitions/electronicsStepDefinitiopns/protectionPlans.cy.js",
    "statementMap": {
      "0": {
        "start": {
          "line": 4,
          "column": 23
        },
        "end": {
          "line": 4,
          "column": 43
        }
      },
      "1": {
        "start": {
          "line": 6,
          "column": 0
        },
        "end": {
          "line": 9,
          "column": 3
        }
      },
      "2": {
        "start": {
          "line": 7,
          "column": 4
        },
        "end": {
          "line": 7,
          "column": 45
        }
      },
      "3": {
        "start": {
          "line": 8,
          "column": 4
        },
        "end": {
          "line": 8,
          "column": 42
        }
      },
      "4": {
        "start": {
          "line": 11,
          "column": 0
        },
        "end": {
          "line": 13,
          "column": 3
        }
      },
      "5": {
        "start": {
          "line": 12,
          "column": 4
        },
        "end": {
          "line": 12,
          "column": 41
        }
      },
      "6": {
        "start": {
          "line": 15,
          "column": 0
        },
        "end": {
          "line": 17,
          "column": 3
        }
      },
      "7": {
        "start": {
          "line": 16,
          "column": 4
        },
        "end": {
          "line": 16,
          "column": 41
        }
      },
      "8": {
        "start": {
          "line": 18,
          "column": 0
        },
        "end": {
          "line": 21,
          "column": 3
        }
      },
      "9": {
        "start": {
          "line": 20,
          "column": 4
        },
        "end": {
          "line": 20,
          "column": 82
        }
      },
      "10": {
        "start": {
          "line": 24,
          "column": 0
        },
        "end": {
          "line": 26,
          "column": 3
        }
      },
      "11": {
        "start": {
          "line": 25,
          "column": 4
        },
        "end": {
          "line": 25,
          "column": 53
        }
      },
      "12": {
        "start": {
          "line": 28,
          "column": 0
        },
        "end": {
          "line": 30,
          "column": 3
        }
      },
      "13": {
        "start": {
          "line": 29,
          "column": 4
        },
        "end": {
          "line": 29,
          "column": 53
        }
      },
      "14": {
        "start": {
          "line": 31,
          "column": 0
        },
        "end": {
          "line": 34,
          "column": 3
        }
      },
      "15": {
        "start": {
          "line": 33,
          "column": 4
        },
        "end": {
          "line": 33,
          "column": 85
        }
      }
    },
    "fnMap": {
      "0": {
        "name": "(anonymous_0)",
        "decl": {
          "start": {
            "line": 6,
            "column": 39
          },
          "end": {
            "line": 6,
            "column": 40
          }
        },
        "loc": {
          "start": {
            "line": 6,
            "column": 45
          },
          "end": {
            "line": 9,
            "column": 1
          }
        },
        "line": 6
      },
      "1": {
        "name": "(anonymous_1)",
        "decl": {
          "start": {
            "line": 11,
            "column": 40
          },
          "end": {
            "line": 11,
            "column": 41
          }
        },
        "loc": {
          "start": {
            "line": 11,
            "column": 46
          },
          "end": {
            "line": 13,
            "column": 1
          }
        },
        "line": 11
      },
      "2": {
        "name": "(anonymous_2)",
        "decl": {
          "start": {
            "line": 15,
            "column": 52
          },
          "end": {
            "line": 15,
            "column": 53
          }
        },
        "loc": {
          "start": {
            "line": 15,
            "column": 58
          },
          "end": {
            "line": 17,
            "column": 1
          }
        },
        "line": 15
      },
      "3": {
        "name": "(anonymous_3)",
        "decl": {
          "start": {
            "line": 18,
            "column": 38
          },
          "end": {
            "line": 18,
            "column": 39
          }
        },
        "loc": {
          "start": {
            "line": 18,
            "column": 57
          },
          "end": {
            "line": 21,
            "column": 1
          }
        },
        "line": 18
      },
      "4": {
        "name": "(anonymous_4)",
        "decl": {
          "start": {
            "line": 24,
            "column": 43
          },
          "end": {
            "line": 24,
            "column": 44
          }
        },
        "loc": {
          "start": {
            "line": 24,
            "column": 49
          },
          "end": {
            "line": 26,
            "column": 1
          }
        },
        "line": 24
      },
      "5": {
        "name": "(anonymous_5)",
        "decl": {
          "start": {
            "line": 28,
            "column": 43
          },
          "end": {
            "line": 28,
            "column": 44
          }
        },
        "loc": {
          "start": {
            "line": 28,
            "column": 49
          },
          "end": {
            "line": 30,
            "column": 1
          }
        },
        "line": 28
      },
      "6": {
        "name": "(anonymous_6)",
        "decl": {
          "start": {
            "line": 31,
            "column": 40
          },
          "end": {
            "line": 31,
            "column": 41
          }
        },
        "loc": {
          "start": {
            "line": 31,
            "column": 59
          },
          "end": {
            "line": 34,
            "column": 1
          }
        },
        "line": 31
      }
    },
    "branchMap": {},
    "s": {
      "0": 1,
      "1": 1,
      "2": 2,
      "3": 2,
      "4": 1,
      "5": 2,
      "6": 1,
      "7": 2,
      "8": 1,
      "9": 2,
      "10": 1,
      "11": 1,
      "12": 1,
      "13": 1,
      "14": 1,
      "15": 2
    },
    "f": {
      "0": 2,
      "1": 2,
      "2": 2,
      "3": 2,
      "4": 1,
      "5": 1,
      "6": 2
    },
    "b": {},
    "_coverageSchema": "1a1c01bbd47fc00a2c39e90264f33305004495a9",
    "hash": "aed721af088547944fbd1ab24bfd05197065052d"
  },
  "/Users/ravikumarkaklotar/Desktop/RCWILLEY/cypress/e2e/pageObjects/furniturePageObjects/creditCardPayment.js": {
    "path": "/Users/ravikumarkaklotar/Desktop/RCWILLEY/cypress/e2e/pageObjects/furniturePageObjects/creditCardPayment.js",
    "statementMap": {
      "0": {
        "start": {
          "line": 1,
          "column": 22
        },
        "end": {
          "line": 1,
          "column": 61
        }
      },
      "1": {
        "start": {
          "line": 2,
          "column": 22
        },
        "end": {
          "line": 2,
          "column": 81
        }
      },
      "2": {
        "start": {
          "line": 3,
          "column": 25
        },
        "end": {
          "line": 3,
          "column": 100
        }
      },
      "3": {
        "start": {
          "line": 4,
          "column": 35
        },
        "end": {
          "line": 4,
          "column": 82
        }
      },
      "4": {
        "start": {
          "line": 5,
          "column": 18
        },
        "end": {
          "line": 5,
          "column": 69
        }
      },
      "5": {
        "start": {
          "line": 6,
          "column": 17
        },
        "end": {
          "line": 6,
          "column": 28
        }
      },
      "6": {
        "start": {
          "line": 7,
          "column": 27
        },
        "end": {
          "line": 7,
          "column": 51
        }
      },
      "7": {
        "start": {
          "line": 8,
          "column": 24
        },
        "end": {
          "line": 8,
          "column": 45
        }
      },
      "8": {
        "start": {
          "line": 11,
          "column": 26
        },
        "end": {
          "line": 11,
          "column": 55
        }
      },
      "9": {
        "start": {
          "line": 12,
          "column": 18
        },
        "end": {
          "line": 12,
          "column": 30
        }
      },
      "10": {
        "start": {
          "line": 13,
          "column": 17
        },
        "end": {
          "line": 13,
          "column": 28
        }
      },
      "11": {
        "start": {
          "line": 14,
          "column": 14
        },
        "end": {
          "line": 14,
          "column": 29
        }
      },
      "12": {
        "start": {
          "line": 15,
          "column": 14
        },
        "end": {
          "line": 15,
          "column": 29
        }
      },
      "13": {
        "start": {
          "line": 18,
          "column": 30
        },
        "end": {
          "line": 18,
          "column": 59
        }
      },
      "14": {
        "start": {
          "line": 19,
          "column": 22
        },
        "end": {
          "line": 19,
          "column": 40
        }
      },
      "15": {
        "start": {
          "line": 20,
          "column": 23
        },
        "end": {
          "line": 20,
          "column": 41
        }
      },
      "16": {
        "start": {
          "line": 21,
          "column": 13
        },
        "end": {
          "line": 21,
          "column": 27
        }
      },
      "17": {
        "start": {
          "line": 22,
          "column": 14
        },
        "end": {
          "line": 22,
          "column": 22
        }
      },
      "18": {
        "start": {
          "line": 23,
          "column": 12
        },
        "end": {
          "line": 23,
          "column": 25
        }
      },
      "19": {
        "start": {
          "line": 24,
          "column": 15
        },
        "end": {
          "line": 24,
          "column": 24
        }
      },
      "20": {
        "start": {
          "line": 25,
          "column": 22
        },
        "end": {
          "line": 25,
          "column": 49
        }
      },
      "21": {
        "start": {
          "line": 28,
          "column": 27
        },
        "end": {
          "line": 28,
          "column": 35
        }
      },
      "22": {
        "start": {
          "line": 29,
          "column": 23
        },
        "end": {
          "line": 29,
          "column": 31
        }
      },
      "23": {
        "start": {
          "line": 33,
          "column": 19
        },
        "end": {
          "line": 33,
          "column": 32
        }
      },
      "24": {
        "start": {
          "line": 34,
          "column": 23
        },
        "end": {
          "line": 34,
          "column": 33
        }
      },
      "25": {
        "start": {
          "line": 35,
          "column": 16
        },
        "end": {
          "line": 35,
          "column": 22
        }
      },
      "26": {
        "start": {
          "line": 39,
          "column": 33
        },
        "end": {
          "line": 39,
          "column": 61
        }
      },
      "27": {
        "start": {
          "line": 43,
          "column": 8
        },
        "end": {
          "line": 43,
          "column": 38
        }
      },
      "28": {
        "start": {
          "line": 46,
          "column": 8
        },
        "end": {
          "line": 46,
          "column": 21
        }
      },
      "29": {
        "start": {
          "line": 47,
          "column": 8
        },
        "end": {
          "line": 47,
          "column": 38
        }
      },
      "30": {
        "start": {
          "line": 51,
          "column": 8
        },
        "end": {
          "line": 51,
          "column": 36
        }
      },
      "31": {
        "start": {
          "line": 52,
          "column": 8
        },
        "end": {
          "line": 52,
          "column": 41
        }
      },
      "32": {
        "start": {
          "line": 56,
          "column": 8
        },
        "end": {
          "line": 56,
          "column": 21
        }
      },
      "33": {
        "start": {
          "line": 59,
          "column": 8
        },
        "end": {
          "line": 59,
          "column": 28
        }
      },
      "34": {
        "start": {
          "line": 60,
          "column": 8
        },
        "end": {
          "line": 60,
          "column": 33
        }
      },
      "35": {
        "start": {
          "line": 63,
          "column": 8
        },
        "end": {
          "line": 63,
          "column": 21
        }
      },
      "36": {
        "start": {
          "line": 64,
          "column": 8
        },
        "end": {
          "line": 64,
          "column": 33
        }
      },
      "37": {
        "start": {
          "line": 67,
          "column": 8
        },
        "end": {
          "line": 67,
          "column": 21
        }
      },
      "38": {
        "start": {
          "line": 69,
          "column": 8
        },
        "end": {
          "line": 69,
          "column": 42
        }
      },
      "39": {
        "start": {
          "line": 73,
          "column": 8
        },
        "end": {
          "line": 73,
          "column": 34
        }
      },
      "40": {
        "start": {
          "line": 74,
          "column": 8
        },
        "end": {
          "line": 74,
          "column": 38
        }
      },
      "41": {
        "start": {
          "line": 77,
          "column": 8
        },
        "end": {
          "line": 77,
          "column": 40
        }
      },
      "42": {
        "start": {
          "line": 80,
          "column": 8
        },
        "end": {
          "line": 80,
          "column": 44
        }
      },
      "43": {
        "start": {
          "line": 83,
          "column": 8
        },
        "end": {
          "line": 83,
          "column": 30
        }
      },
      "44": {
        "start": {
          "line": 86,
          "column": 8
        },
        "end": {
          "line": 86,
          "column": 21
        }
      },
      "45": {
        "start": {
          "line": 87,
          "column": 8
        },
        "end": {
          "line": 87,
          "column": 37
        }
      },
      "46": {
        "start": {
          "line": 91,
          "column": 8
        },
        "end": {
          "line": 91,
          "column": 43
        }
      },
      "47": {
        "start": {
          "line": 92,
          "column": 8
        },
        "end": {
          "line": 92,
          "column": 21
        }
      },
      "48": {
        "start": {
          "line": 95,
          "column": 8
        },
        "end": {
          "line": 95,
          "column": 39
        }
      },
      "49": {
        "start": {
          "line": 98,
          "column": 8
        },
        "end": {
          "line": 98,
          "column": 21
        }
      },
      "50": {
        "start": {
          "line": 99,
          "column": 8
        },
        "end": {
          "line": 99,
          "column": 47
        }
      }
    },
    "fnMap": {
      "0": {
        "name": "(anonymous_0)",
        "decl": {
          "start": {
            "line": 42,
            "column": 4
          },
          "end": {
            "line": 42,
            "column": 5
          }
        },
        "loc": {
          "start": {
            "line": 42,
            "column": 27
          },
          "end": {
            "line": 44,
            "column": 5
          }
        },
        "line": 42
      },
      "1": {
        "name": "(anonymous_1)",
        "decl": {
          "start": {
            "line": 45,
            "column": 4
          },
          "end": {
            "line": 45,
            "column": 5
          }
        },
        "loc": {
          "start": {
            "line": 45,
            "column": 25
          },
          "end": {
            "line": 48,
            "column": 5
          }
        },
        "line": 45
      },
      "2": {
        "name": "(anonymous_2)",
        "decl": {
          "start": {
            "line": 50,
            "column": 4
          },
          "end": {
            "line": 50,
            "column": 5
          }
        },
        "loc": {
          "start": {
            "line": 50,
            "column": 30
          },
          "end": {
            "line": 53,
            "column": 5
          }
        },
        "line": 50
      },
      "3": {
        "name": "(anonymous_3)",
        "decl": {
          "start": {
            "line": 55,
            "column": 4
          },
          "end": {
            "line": 55,
            "column": 5
          }
        },
        "loc": {
          "start": {
            "line": 55,
            "column": 23
          },
          "end": {
            "line": 61,
            "column": 5
          }
        },
        "line": 55
      },
      "4": {
        "name": "(anonymous_4)",
        "decl": {
          "start": {
            "line": 62,
            "column": 4
          },
          "end": {
            "line": 62,
            "column": 5
          }
        },
        "loc": {
          "start": {
            "line": 62,
            "column": 22
          },
          "end": {
            "line": 65,
            "column": 5
          }
        },
        "line": 62
      },
      "5": {
        "name": "(anonymous_5)",
        "decl": {
          "start": {
            "line": 66,
            "column": 4
          },
          "end": {
            "line": 66,
            "column": 5
          }
        },
        "loc": {
          "start": {
            "line": 66,
            "column": 32
          },
          "end": {
            "line": 70,
            "column": 5
          }
        },
        "line": 66
      },
      "6": {
        "name": "(anonymous_6)",
        "decl": {
          "start": {
            "line": 72,
            "column": 4
          },
          "end": {
            "line": 72,
            "column": 5
          }
        },
        "loc": {
          "start": {
            "line": 72,
            "column": 32
          },
          "end": {
            "line": 75,
            "column": 5
          }
        },
        "line": 72
      },
      "7": {
        "name": "(anonymous_7)",
        "decl": {
          "start": {
            "line": 76,
            "column": 4
          },
          "end": {
            "line": 76,
            "column": 5
          }
        },
        "loc": {
          "start": {
            "line": 76,
            "column": 27
          },
          "end": {
            "line": 78,
            "column": 5
          }
        },
        "line": 76
      },
      "8": {
        "name": "(anonymous_8)",
        "decl": {
          "start": {
            "line": 79,
            "column": 4
          },
          "end": {
            "line": 79,
            "column": 5
          }
        },
        "loc": {
          "start": {
            "line": 79,
            "column": 31
          },
          "end": {
            "line": 81,
            "column": 5
          }
        },
        "line": 79
      },
      "9": {
        "name": "(anonymous_9)",
        "decl": {
          "start": {
            "line": 82,
            "column": 4
          },
          "end": {
            "line": 82,
            "column": 5
          }
        },
        "loc": {
          "start": {
            "line": 82,
            "column": 20
          },
          "end": {
            "line": 84,
            "column": 5
          }
        },
        "line": 82
      },
      "10": {
        "name": "(anonymous_10)",
        "decl": {
          "start": {
            "line": 85,
            "column": 4
          },
          "end": {
            "line": 85,
            "column": 5
          }
        },
        "loc": {
          "start": {
            "line": 85,
            "column": 25
          },
          "end": {
            "line": 88,
            "column": 5
          }
        },
        "line": 85
      },
      "11": {
        "name": "(anonymous_11)",
        "decl": {
          "start": {
            "line": 90,
            "column": 4
          },
          "end": {
            "line": 90,
            "column": 5
          }
        },
        "loc": {
          "start": {
            "line": 90,
            "column": 28
          },
          "end": {
            "line": 93,
            "column": 5
          }
        },
        "line": 90
      },
      "12": {
        "name": "(anonymous_12)",
        "decl": {
          "start": {
            "line": 94,
            "column": 4
          },
          "end": {
            "line": 94,
            "column": 5
          }
        },
        "loc": {
          "start": {
            "line": 94,
            "column": 28
          },
          "end": {
            "line": 96,
            "column": 5
          }
        },
        "line": 94
      },
      "13": {
        "name": "(anonymous_13)",
        "decl": {
          "start": {
            "line": 97,
            "column": 4
          },
          "end": {
            "line": 97,
            "column": 5
          }
        },
        "loc": {
          "start": {
            "line": 97,
            "column": 34
          },
          "end": {
            "line": 100,
            "column": 5
          }
        },
        "line": 97
      }
    },
    "branchMap": {},
    "s": {
      "0": 1,
      "1": 1,
      "2": 1,
      "3": 1,
      "4": 1,
      "5": 1,
      "6": 1,
      "7": 1,
      "8": 1,
      "9": 1,
      "10": 1,
      "11": 1,
      "12": 1,
      "13": 1,
      "14": 1,
      "15": 1,
      "16": 1,
      "17": 1,
      "18": 1,
      "19": 1,
      "20": 1,
      "21": 1,
      "22": 1,
      "23": 1,
      "24": 1,
      "25": 1,
      "26": 1,
      "27": 0,
      "28": 0,
      "29": 0,
      "30": 0,
      "31": 0,
      "32": 0,
      "33": 0,
      "34": 0,
      "35": 0,
      "36": 0,
      "37": 0,
      "38": 0,
      "39": 0,
      "40": 0,
      "41": 8,
      "42": 10,
      "43": 2,
      "44": 2,
      "45": 2,
      "46": 2,
      "47": 2,
      "48": 2,
      "49": 0,
      "50": 0
    },
    "f": {
      "0": 0,
      "1": 0,
      "2": 0,
      "3": 0,
      "4": 0,
      "5": 0,
      "6": 0,
      "7": 8,
      "8": 10,
      "9": 2,
      "10": 2,
      "11": 2,
      "12": 2,
      "13": 0
    },
    "b": {},
    "_coverageSchema": "1a1c01bbd47fc00a2c39e90264f33305004495a9",
    "hash": "6fcc8f5f025542add7de97cfe02f2f7de130293f"
  },
  "/Users/ravikumarkaklotar/Desktop/RCWILLEY/cypress/e2e/stepDefinitions/furnitureStepDefinitions/creditCardPayment.cy.js": {
    "path": "/Users/ravikumarkaklotar/Desktop/RCWILLEY/cypress/e2e/stepDefinitions/furnitureStepDefinitions/creditCardPayment.cy.js",
    "statementMap": {
      "0": {
        "start": {
          "line": 3,
          "column": 13
        },
        "end": {
          "line": 3,
          "column": 32
        }
      },
      "1": {
        "start": {
          "line": 5,
          "column": 0
        },
        "end": {
          "line": 7,
          "column": 3
        }
      },
      "2": {
        "start": {
          "line": 6,
          "column": 4
        },
        "end": {
          "line": 6,
          "column": 18
        }
      },
      "3": {
        "start": {
          "line": 9,
          "column": 0
        },
        "end": {
          "line": 11,
          "column": 3
        }
      },
      "4": {
        "start": {
          "line": 10,
          "column": 4
        },
        "end": {
          "line": 10,
          "column": 32
        }
      },
      "5": {
        "start": {
          "line": 13,
          "column": 0
        },
        "end": {
          "line": 15,
          "column": 3
        }
      },
      "6": {
        "start": {
          "line": 14,
          "column": 4
        },
        "end": {
          "line": 14,
          "column": 30
        }
      },
      "7": {
        "start": {
          "line": 17,
          "column": 0
        },
        "end": {
          "line": 19,
          "column": 3
        }
      },
      "8": {
        "start": {
          "line": 18,
          "column": 4
        },
        "end": {
          "line": 18,
          "column": 34
        }
      },
      "9": {
        "start": {
          "line": 21,
          "column": 0
        },
        "end": {
          "line": 23,
          "column": 3
        }
      },
      "10": {
        "start": {
          "line": 25,
          "column": 0
        },
        "end": {
          "line": 27,
          "column": 3
        }
      },
      "11": {
        "start": {
          "line": 29,
          "column": 0
        },
        "end": {
          "line": 31,
          "column": 3
        }
      },
      "12": {
        "start": {
          "line": 30,
          "column": 4
        },
        "end": {
          "line": 30,
          "column": 28
        }
      },
      "13": {
        "start": {
          "line": 33,
          "column": 0
        },
        "end": {
          "line": 35,
          "column": 3
        }
      },
      "14": {
        "start": {
          "line": 37,
          "column": 0
        },
        "end": {
          "line": 39,
          "column": 3
        }
      },
      "15": {
        "start": {
          "line": 41,
          "column": 0
        },
        "end": {
          "line": 43,
          "column": 3
        }
      },
      "16": {
        "start": {
          "line": 42,
          "column": 4
        },
        "end": {
          "line": 42,
          "column": 27
        }
      },
      "17": {
        "start": {
          "line": 45,
          "column": 0
        },
        "end": {
          "line": 47,
          "column": 3
        }
      },
      "18": {
        "start": {
          "line": 49,
          "column": 0
        },
        "end": {
          "line": 51,
          "column": 3
        }
      },
      "19": {
        "start": {
          "line": 50,
          "column": 4
        },
        "end": {
          "line": 50,
          "column": 37
        }
      },
      "20": {
        "start": {
          "line": 53,
          "column": 0
        },
        "end": {
          "line": 60,
          "column": 3
        }
      },
      "21": {
        "start": {
          "line": 55,
          "column": 18
        },
        "end": {
          "line": 55,
          "column": 55
        }
      },
      "22": {
        "start": {
          "line": 55,
          "column": 48
        },
        "end": {
          "line": 55,
          "column": 54
        }
      },
      "23": {
        "start": {
          "line": 57,
          "column": 4
        },
        "end": {
          "line": 59,
          "column": 7
        }
      },
      "24": {
        "start": {
          "line": 58,
          "column": 8
        },
        "end": {
          "line": 58,
          "column": 75
        }
      },
      "25": {
        "start": {
          "line": 62,
          "column": 0
        },
        "end": {
          "line": 72,
          "column": 3
        }
      },
      "26": {
        "start": {
          "line": 64,
          "column": 4
        },
        "end": {
          "line": 71,
          "column": 7
        }
      },
      "27": {
        "start": {
          "line": 67,
          "column": 22
        },
        "end": {
          "line": 67,
          "column": 33
        }
      },
      "28": {
        "start": {
          "line": 68,
          "column": 8
        },
        "end": {
          "line": 68,
          "column": 28
        }
      },
      "29": {
        "start": {
          "line": 69,
          "column": 8
        },
        "end": {
          "line": 69,
          "column": 44
        }
      },
      "30": {
        "start": {
          "line": 74,
          "column": 0
        },
        "end": {
          "line": 84,
          "column": 3
        }
      },
      "31": {
        "start": {
          "line": 76,
          "column": 4
        },
        "end": {
          "line": 83,
          "column": 7
        }
      },
      "32": {
        "start": {
          "line": 79,
          "column": 22
        },
        "end": {
          "line": 79,
          "column": 33
        }
      },
      "33": {
        "start": {
          "line": 80,
          "column": 8
        },
        "end": {
          "line": 80,
          "column": 28
        }
      },
      "34": {
        "start": {
          "line": 81,
          "column": 8
        },
        "end": {
          "line": 81,
          "column": 59
        }
      },
      "35": {
        "start": {
          "line": 85,
          "column": 0
        },
        "end": {
          "line": 92,
          "column": 3
        }
      },
      "36": {
        "start": {
          "line": 87,
          "column": 27
        },
        "end": {
          "line": 87,
          "column": 64
        }
      },
      "37": {
        "start": {
          "line": 87,
          "column": 57
        },
        "end": {
          "line": 87,
          "column": 63
        }
      },
      "38": {
        "start": {
          "line": 89,
          "column": 4
        },
        "end": {
          "line": 91,
          "column": 7
        }
      },
      "39": {
        "start": {
          "line": 90,
          "column": 8
        },
        "end": {
          "line": 90,
          "column": 79
        }
      },
      "40": {
        "start": {
          "line": 94,
          "column": 0
        },
        "end": {
          "line": 96,
          "column": 3
        }
      },
      "41": {
        "start": {
          "line": 95,
          "column": 4
        },
        "end": {
          "line": 95,
          "column": 25
        }
      },
      "42": {
        "start": {
          "line": 97,
          "column": 0
        },
        "end": {
          "line": 99,
          "column": 3
        }
      },
      "43": {
        "start": {
          "line": 98,
          "column": 4
        },
        "end": {
          "line": 98,
          "column": 48
        }
      },
      "44": {
        "start": {
          "line": 102,
          "column": 0
        },
        "end": {
          "line": 104,
          "column": 3
        }
      },
      "45": {
        "start": {
          "line": 103,
          "column": 4
        },
        "end": {
          "line": 103,
          "column": 33
        }
      },
      "46": {
        "start": {
          "line": 106,
          "column": 0
        },
        "end": {
          "line": 127,
          "column": 3
        }
      },
      "47": {
        "start": {
          "line": 108,
          "column": 4
        },
        "end": {
          "line": 126,
          "column": 7
        }
      },
      "48": {
        "start": {
          "line": 110,
          "column": 22
        },
        "end": {
          "line": 110,
          "column": 33
        }
      },
      "49": {
        "start": {
          "line": 112,
          "column": 8
        },
        "end": {
          "line": 123,
          "column": 9
        }
      },
      "50": {
        "start": {
          "line": 114,
          "column": 12
        },
        "end": {
          "line": 117,
          "column": 15
        }
      },
      "51": {
        "start": {
          "line": 116,
          "column": 16
        },
        "end": {
          "line": 116,
          "column": 52
        }
      },
      "52": {
        "start": {
          "line": 122,
          "column": 12
        },
        "end": {
          "line": 122,
          "column": 48
        }
      },
      "53": {
        "start": {
          "line": 129,
          "column": 0
        },
        "end": {
          "line": 132,
          "column": 3
        }
      },
      "54": {
        "start": {
          "line": 130,
          "column": 4
        },
        "end": {
          "line": 130,
          "column": 17
        }
      },
      "55": {
        "start": {
          "line": 131,
          "column": 4
        },
        "end": {
          "line": 131,
          "column": 33
        }
      },
      "56": {
        "start": {
          "line": 134,
          "column": 0
        },
        "end": {
          "line": 136,
          "column": 3
        }
      },
      "57": {
        "start": {
          "line": 135,
          "column": 4
        },
        "end": {
          "line": 135,
          "column": 57
        }
      },
      "58": {
        "start": {
          "line": 137,
          "column": 0
        },
        "end": {
          "line": 139,
          "column": 3
        }
      },
      "59": {
        "start": {
          "line": 138,
          "column": 4
        },
        "end": {
          "line": 138,
          "column": 84
        }
      }
    },
    "fnMap": {
      "0": {
        "name": "(anonymous_0)",
        "decl": {
          "start": {
            "line": 5,
            "column": 31
          },
          "end": {
            "line": 5,
            "column": 32
          }
        },
        "loc": {
          "start": {
            "line": 5,
            "column": 37
          },
          "end": {
            "line": 7,
            "column": 1
          }
        },
        "line": 5
      },
      "1": {
        "name": "(anonymous_1)",
        "decl": {
          "start": {
            "line": 9,
            "column": 37
          },
          "end": {
            "line": 9,
            "column": 38
          }
        },
        "loc": {
          "start": {
            "line": 9,
            "column": 43
          },
          "end": {
            "line": 11,
            "column": 1
          }
        },
        "line": 9
      },
      "2": {
        "name": "(anonymous_2)",
        "decl": {
          "start": {
            "line": 13,
            "column": 39
          },
          "end": {
            "line": 13,
            "column": 40
          }
        },
        "loc": {
          "start": {
            "line": 13,
            "column": 45
          },
          "end": {
            "line": 15,
            "column": 1
          }
        },
        "line": 13
      },
      "3": {
        "name": "(anonymous_3)",
        "decl": {
          "start": {
            "line": 17,
            "column": 34
          },
          "end": {
            "line": 17,
            "column": 35
          }
        },
        "loc": {
          "start": {
            "line": 17,
            "column": 40
          },
          "end": {
            "line": 19,
            "column": 1
          }
        },
        "line": 17
      },
      "4": {
        "name": "(anonymous_4)",
        "decl": {
          "start": {
            "line": 21,
            "column": 48
          },
          "end": {
            "line": 21,
            "column": 49
          }
        },
        "loc": {
          "start": {
            "line": 21,
            "column": 54
          },
          "end": {
            "line": 23,
            "column": 1
          }
        },
        "line": 21
      },
      "5": {
        "name": "(anonymous_5)",
        "decl": {
          "start": {
            "line": 25,
            "column": 50
          },
          "end": {
            "line": 25,
            "column": 51
          }
        },
        "loc": {
          "start": {
            "line": 25,
            "column": 56
          },
          "end": {
            "line": 27,
            "column": 1
          }
        },
        "line": 25
      },
      "6": {
        "name": "(anonymous_6)",
        "decl": {
          "start": {
            "line": 29,
            "column": 42
          },
          "end": {
            "line": 29,
            "column": 43
          }
        },
        "loc": {
          "start": {
            "line": 29,
            "column": 48
          },
          "end": {
            "line": 31,
            "column": 1
          }
        },
        "line": 29
      },
      "7": {
        "name": "(anonymous_7)",
        "decl": {
          "start": {
            "line": 33,
            "column": 44
          },
          "end": {
            "line": 33,
            "column": 45
          }
        },
        "loc": {
          "start": {
            "line": 33,
            "column": 50
          },
          "end": {
            "line": 35,
            "column": 1
          }
        },
        "line": 33
      },
      "8": {
        "name": "(anonymous_8)",
        "decl": {
          "start": {
            "line": 37,
            "column": 44
          },
          "end": {
            "line": 37,
            "column": 45
          }
        },
        "loc": {
          "start": {
            "line": 37,
            "column": 50
          },
          "end": {
            "line": 39,
            "column": 1
          }
        },
        "line": 37
      },
      "9": {
        "name": "(anonymous_9)",
        "decl": {
          "start": {
            "line": 41,
            "column": 35
          },
          "end": {
            "line": 41,
            "column": 36
          }
        },
        "loc": {
          "start": {
            "line": 41,
            "column": 41
          },
          "end": {
            "line": 43,
            "column": 1
          }
        },
        "line": 41
      },
      "10": {
        "name": "(anonymous_10)",
        "decl": {
          "start": {
            "line": 45,
            "column": 41
          },
          "end": {
            "line": 45,
            "column": 42
          }
        },
        "loc": {
          "start": {
            "line": 45,
            "column": 47
          },
          "end": {
            "line": 47,
            "column": 1
          }
        },
        "line": 45
      },
      "11": {
        "name": "(anonymous_11)",
        "decl": {
          "start": {
            "line": 49,
            "column": 44
          },
          "end": {
            "line": 49,
            "column": 45
          }
        },
        "loc": {
          "start": {
            "line": 49,
            "column": 50
          },
          "end": {
            "line": 51,
            "column": 1
          }
        },
        "line": 49
      },
      "12": {
        "name": "(anonymous_12)",
        "decl": {
          "start": {
            "line": 53,
            "column": 112
          },
          "end": {
            "line": 53,
            "column": 113
          }
        },
        "loc": {
          "start": {
            "line": 53,
            "column": 127
          },
          "end": {
            "line": 60,
            "column": 1
          }
        },
        "line": 53
      },
      "13": {
        "name": "(anonymous_13)",
        "decl": {
          "start": {
            "line": 55,
            "column": 41
          },
          "end": {
            "line": 55,
            "column": 42
          }
        },
        "loc": {
          "start": {
            "line": 55,
            "column": 48
          },
          "end": {
            "line": 55,
            "column": 54
          }
        },
        "line": 55
      },
      "14": {
        "name": "(anonymous_14)",
        "decl": {
          "start": {
            "line": 57,
            "column": 18
          },
          "end": {
            "line": 57,
            "column": 19
          }
        },
        "loc": {
          "start": {
            "line": 57,
            "column": 38
          },
          "end": {
            "line": 59,
            "column": 5
          }
        },
        "line": 57
      },
      "15": {
        "name": "(anonymous_15)",
        "decl": {
          "start": {
            "line": 62,
            "column": 40
          },
          "end": {
            "line": 62,
            "column": 41
          }
        },
        "loc": {
          "start": {
            "line": 62,
            "column": 55
          },
          "end": {
            "line": 72,
            "column": 1
          }
        },
        "line": 62
      },
      "16": {
        "name": "(anonymous_16)",
        "decl": {
          "start": {
            "line": 64,
            "column": 31
          },
          "end": {
            "line": 64,
            "column": 32
          }
        },
        "loc": {
          "start": {
            "line": 64,
            "column": 53
          },
          "end": {
            "line": 71,
            "column": 5
          }
        },
        "line": 64
      },
      "17": {
        "name": "(anonymous_17)",
        "decl": {
          "start": {
            "line": 74,
            "column": 40
          },
          "end": {
            "line": 74,
            "column": 41
          }
        },
        "loc": {
          "start": {
            "line": 74,
            "column": 55
          },
          "end": {
            "line": 84,
            "column": 1
          }
        },
        "line": 74
      },
      "18": {
        "name": "(anonymous_18)",
        "decl": {
          "start": {
            "line": 76,
            "column": 31
          },
          "end": {
            "line": 76,
            "column": 32
          }
        },
        "loc": {
          "start": {
            "line": 76,
            "column": 53
          },
          "end": {
            "line": 83,
            "column": 5
          }
        },
        "line": 76
      },
      "19": {
        "name": "(anonymous_19)",
        "decl": {
          "start": {
            "line": 85,
            "column": 124
          },
          "end": {
            "line": 85,
            "column": 125
          }
        },
        "loc": {
          "start": {
            "line": 85,
            "column": 139
          },
          "end": {
            "line": 92,
            "column": 1
          }
        },
        "line": 85
      },
      "20": {
        "name": "(anonymous_20)",
        "decl": {
          "start": {
            "line": 87,
            "column": 50
          },
          "end": {
            "line": 87,
            "column": 51
          }
        },
        "loc": {
          "start": {
            "line": 87,
            "column": 57
          },
          "end": {
            "line": 87,
            "column": 63
          }
        },
        "line": 87
      },
      "21": {
        "name": "(anonymous_21)",
        "decl": {
          "start": {
            "line": 89,
            "column": 27
          },
          "end": {
            "line": 89,
            "column": 28
          }
        },
        "loc": {
          "start": {
            "line": 89,
            "column": 47
          },
          "end": {
            "line": 91,
            "column": 5
          }
        },
        "line": 89
      },
      "22": {
        "name": "(anonymous_22)",
        "decl": {
          "start": {
            "line": 94,
            "column": 35
          },
          "end": {
            "line": 94,
            "column": 36
          }
        },
        "loc": {
          "start": {
            "line": 94,
            "column": 41
          },
          "end": {
            "line": 96,
            "column": 1
          }
        },
        "line": 94
      },
      "23": {
        "name": "(anonymous_23)",
        "decl": {
          "start": {
            "line": 97,
            "column": 38
          },
          "end": {
            "line": 97,
            "column": 39
          }
        },
        "loc": {
          "start": {
            "line": 97,
            "column": 44
          },
          "end": {
            "line": 99,
            "column": 1
          }
        },
        "line": 97
      },
      "24": {
        "name": "(anonymous_24)",
        "decl": {
          "start": {
            "line": 102,
            "column": 46
          },
          "end": {
            "line": 102,
            "column": 47
          }
        },
        "loc": {
          "start": {
            "line": 102,
            "column": 52
          },
          "end": {
            "line": 104,
            "column": 1
          }
        },
        "line": 102
      },
      "25": {
        "name": "(anonymous_25)",
        "decl": {
          "start": {
            "line": 106,
            "column": 41
          },
          "end": {
            "line": 106,
            "column": 42
          }
        },
        "loc": {
          "start": {
            "line": 106,
            "column": 56
          },
          "end": {
            "line": 127,
            "column": 1
          }
        },
        "line": 106
      },
      "26": {
        "name": "(anonymous_26)",
        "decl": {
          "start": {
            "line": 108,
            "column": 31
          },
          "end": {
            "line": 108,
            "column": 32
          }
        },
        "loc": {
          "start": {
            "line": 108,
            "column": 53
          },
          "end": {
            "line": 126,
            "column": 5
          }
        },
        "line": 108
      },
      "27": {
        "name": "(anonymous_27)",
        "decl": {
          "start": {
            "line": 114,
            "column": 44
          },
          "end": {
            "line": 114,
            "column": 45
          }
        },
        "loc": {
          "start": {
            "line": 114,
            "column": 50
          },
          "end": {
            "line": 117,
            "column": 13
          }
        },
        "line": 114
      },
      "28": {
        "name": "(anonymous_28)",
        "decl": {
          "start": {
            "line": 129,
            "column": 39
          },
          "end": {
            "line": 129,
            "column": 40
          }
        },
        "loc": {
          "start": {
            "line": 129,
            "column": 45
          },
          "end": {
            "line": 132,
            "column": 1
          }
        },
        "line": 129
      },
      "29": {
        "name": "(anonymous_29)",
        "decl": {
          "start": {
            "line": 134,
            "column": 42
          },
          "end": {
            "line": 134,
            "column": 43
          }
        },
        "loc": {
          "start": {
            "line": 134,
            "column": 48
          },
          "end": {
            "line": 136,
            "column": 1
          }
        },
        "line": 134
      },
      "30": {
        "name": "(anonymous_30)",
        "decl": {
          "start": {
            "line": 137,
            "column": 38
          },
          "end": {
            "line": 137,
            "column": 39
          }
        },
        "loc": {
          "start": {
            "line": 137,
            "column": 68
          },
          "end": {
            "line": 139,
            "column": 1
          }
        },
        "line": 137
      }
    },
    "branchMap": {
      "0": {
        "loc": {
          "start": {
            "line": 112,
            "column": 8
          },
          "end": {
            "line": 123,
            "column": 9
          }
        },
        "type": "if",
        "locations": [
          {
            "start": {
              "line": 112,
              "column": 8
            },
            "end": {
              "line": 123,
              "column": 9
            }
          },
          {
            "start": {
              "line": 121,
              "column": 13
            },
            "end": {
              "line": 123,
              "column": 9
            }
          }
        ],
        "line": 112
      }
    },
    "s": {
      "0": 1,
      "1": 1,
      "2": 0,
      "3": 1,
      "4": 0,
      "5": 1,
      "6": 0,
      "7": 1,
      "8": 0,
      "9": 1,
      "10": 1,
      "11": 1,
      "12": 0,
      "13": 1,
      "14": 1,
      "15": 1,
      "16": 0,
      "17": 1,
      "18": 1,
      "19": 0,
      "20": 1,
      "21": 2,
      "22": 8,
      "23": 2,
      "24": 8,
      "25": 1,
      "26": 2,
      "27": 8,
      "28": 8,
      "29": 8,
      "30": 1,
      "31": 2,
      "32": 10,
      "33": 10,
      "34": 10,
      "35": 1,
      "36": 2,
      "37": 10,
      "38": 2,
      "39": 10,
      "40": 1,
      "41": 2,
      "42": 1,
      "43": 2,
      "44": 1,
      "45": 2,
      "46": 1,
      "47": 2,
      "48": 6,
      "49": 6,
      "50": 2,
      "51": 2,
      "52": 4,
      "53": 1,
      "54": 2,
      "55": 2,
      "56": 1,
      "57": 0,
      "58": 1,
      "59": 0
    },
    "f": {
      "0": 0,
      "1": 0,
      "2": 0,
      "3": 0,
      "4": 0,
      "5": 0,
      "6": 0,
      "7": 0,
      "8": 0,
      "9": 0,
      "10": 0,
      "11": 0,
      "12": 2,
      "13": 8,
      "14": 8,
      "15": 2,
      "16": 8,
      "17": 2,
      "18": 10,
      "19": 2,
      "20": 10,
      "21": 10,
      "22": 2,
      "23": 2,
      "24": 2,
      "25": 2,
      "26": 6,
      "27": 2,
      "28": 2,
      "29": 0,
      "30": 0
    },
    "b": {
      "0": [
        2,
        4
      ]
    },
    "_coverageSchema": "1a1c01bbd47fc00a2c39e90264f33305004495a9",
    "hash": "54d9c1d1d30097ad1737f962c78577b6ad213d38"
  },
  "/Users/ravikumarkaklotar/Desktop/RCWILLEY/cypress/e2e/pageObjects/furniturePageObjects/payPalPayment.js": {
[...]
        "line": 107
      },
      "26": {
        "name": "(anonymous_26)",
        "decl": {
          "start": {
            "line": 111,
            "column": 42
          },
          "end": {
            "line": 111,
            "column": 43
          }
        },
        "loc": {
          "start": {
            "line": 111,
            "column": 48
          },
          "end": {
            "line": 113,
            "column": 1
          }
        },
        "line": 111
      },
      "27": {
        "name": "(anonymous_27)",
        "decl": {
          "start": {
            "line": 116,
            "column": 51
          },
          "end": {
            "line": 116,
            "column": 52
          }
        },
        "loc": {
          "start": {
            "line": 116,
            "column": 57
          },
          "end": {
            "line": 118,
            "column": 1
          }
        },
        "line": 116
      }
    },
    "branchMap": {},
    "s": {
      "0": 6,
      "1": 6,
      "2": 0,
      "3": 6,
      "4": 0,
      "5": 6,
      "6": 0,
      "7": 6,
      "8": 0,
      "9": 6,
      "10": 6,
      "11": 6,
      "12": 0,
      "13": 6,
      "14": 6,
      "15": 6,
      "16": 0,
      "17": 6,
      "18": 6,
      "19": 0,
      "20": 6,
      "21": 0,
      "22": 0,
      "23": 0,
      "24": 0,
      "25": 6,
      "26": 0,
      "27": 0,
      "28": 0,
      "29": 0,
      "30": 6,
      "31": 0,
      "32": 0,
      "33": 0,
      "34": 0,
      "35": 6,
      "36": 0,
      "37": 0,
      "38": 0,
      "39": 0,
      "40": 6,
      "41": 0,
      "42": 6,
      "43": 0,
      "44": 6,
      "45": 0,
      "46": 6,
      "47": 6,
      "48": 0,
      "49": 6
    },
    "f": {
      "0": 0,
      "1": 0,
      "2": 0,
      "3": 0,
      "4": 0,
      "5": 0,
      "6": 0,
      "7": 0,
      "8": 0,
      "9": 0,
      "10": 0,
      "11": 0,
      "12": 0,
      "13": 0,
      "14": 0,
      "15": 0,
      "16": 0,
      "17": 0,
      "18": 0,
      "19": 0,
      "20": 0,
      "21": 0,
      "22": 0,
      "23": 0,
      "24": 0,
      "25": 0,
      "26": 0,
      "27": 0
    },
    "b": {},
    "_coverageSchema": "1a1c01bbd47fc00a2c39e90264f33305004495a9",
    "hash": "05350ed279e4164ae712726c9437032d696aa04a"
  },
  "C:\\Users\\ankit.sahay\\Downloads\\RCWILLEY\\cypress\\e2e\\pageObjects\\storeLocations.js": {
    "path": "C:\\Users\\ankit.sahay\\Downloads\\RCWILLEY\\cypress\\e2e\\pageObjects\\storeLocations.js",
    "statementMap": {
      "0": {
        "start": {
          "line": 1,
          "column": 21
        },
        "end": {
          "line": 1,
          "column": 36
        }
      },
      "1": {
        "start": {
          "line": 2,
          "column": 21
        },
        "end": {
          "line": 2,
          "column": 43
        }
      },
      "2": {
        "start": {
          "line": 9,
          "column": 8
        },
        "end": {
          "line": 9,
          "column": 44
        }
      },
      "3": {
        "start": {
          "line": 13,
          "column": 8
        },
        "end": {
          "line": 13,
          "column": 36
        }
      },
      "4": {
        "start": {
          "line": 16,
          "column": 8
        },
        "end": {
          "line": 16,
          "column": 42
        }
      }
    },
    "fnMap": {
      "0": {
        "name": "(anonymous_0)",
        "decl": {
          "start": {
            "line": 8,
            "column": 4
          },
          "end": {
            "line": 8,
            "column": 5
          }
        },
        "loc": {
          "start": {
            "line": 8,
            "column": 26
          },
          "end": {
            "line": 10,
            "column": 5
          }
        },
        "line": 8
      },
      "1": {
        "name": "(anonymous_1)",
        "decl": {
          "start": {
            "line": 12,
            "column": 4
          },
          "end": {
            "line": 12,
            "column": 5
          }
        },
        "loc": {
          "start": {
            "line": 12,
            "column": 22
          },
          "end": {
            "line": 14,
            "column": 5
          }
        },
        "line": 12
      },
      "2": {
        "name": "(anonymous_2)",
        "decl": {
          "start": {
            "line": 15,
            "column": 4
          },
          "end": {
            "line": 15,
            "column": 5
          }
        },
        "loc": {
          "start": {
            "line": 15,
            "column": 29
          },
          "end": {
            "line": 17,
            "column": 5
          }
        },
        "line": 15
      }
    },
    "branchMap": {},
    "s": {
      "0": 6,
      "1": 6,
      "2": 0,
      "3": 0,
      "4": 0
    },
    "f": {
      "0": 0,
      "1": 0,
      "2": 0
    },
    "b": {},
    "_coverageSchema": "1a1c01bbd47fc00a2c39e90264f33305004495a9",
    "hash": "fe551058f512e3cc77c0dd7848c401379a4bc6e1"
  },
  "C:\\Users\\ankit.sahay\\Downloads\\RCWILLEY\\cypress\\e2e\\pageObjects\\homePage.js": {
    "path": "C:\\Users\\ankit.sahay\\Downloads\\RCWILLEY\\cypress\\e2e\\pageObjects\\homePage.js",
    "statementMap": {
      "0": {
        "start": {
          "line": 1,
          "column": 19
        },
        "end": {
          "line": 1,
          "column": 30
        }
      },
      "1": {
        "start": {
          "line": 2,
          "column": 25
        },
        "end": {
          "line": 2,
          "column": 45
        }
      },
      "2": {
        "start": {
          "line": 9,
          "column": 8
        },
        "end": {
          "line": 9,
          "column": 26
        }
      },
      "3": {
        "start": {
          "line": 13,
          "column": 8
        },
        "end": {
          "line": 13,
          "column": 22
        }
      },
      "4": {
        "start": {
          "line": 14,
          "column": 8
        },
        "end": {
          "line": 14,
          "column": 41
        }
      },
      "5": {
        "start": {
          "line": 17,
          "column": 8
        },
        "end": {
          "line": 17,
          "column": 41
        }
      }
    },
    "fnMap": {
      "0": {
        "name": "(anonymous_0)",
        "decl": {
          "start": {
            "line": 8,
            "column": 4
          },
          "end": {
            "line": 8,
            "column": 5
          }
        },
        "loc": {
          "start": {
            "line": 8,
            "column": 23
          },
          "end": {
            "line": 10,
            "column": 5
          }
        },
        "line": 8
      },
      "1": {
        "name": "(anonymous_1)",
        "decl": {
          "start": {
            "line": 12,
            "column": 4
          },
          "end": {
            "line": 12,
            "column": 5
          }
        },
        "loc": {
          "start": {
            "line": 12,
            "column": 24
          },
          "end": {
            "line": 15,
            "column": 5
          }
        },
        "line": 12
      },
      "2": {
        "name": "(anonymous_2)",
        "decl": {
          "start": {
            "line": 16,
            "column": 4
          },
          "end": {
            "line": 16,
            "column": 5
          }
        },
        "loc": {
          "start": {
            "line": 16,
            "column": 30
          },
          "end": {
            "line": 18,
            "column": 5
          }
        },
        "line": 16
      }
    },
    "branchMap": {},
    "s": {
      "0": 6,
      "1": 6,
      "2": 1,
      "3": 6,
      "4": 6,
      "5": 6
    },
    "f": {
      "0": 1,
      "1": 6,
      "2": 6
    },
    "b": {},
    "_coverageSchema": "1a1c01bbd47fc00a2c39e90264f33305004495a9",
    "hash": "6a193a4231e093341d8f43be76a1a54de3ce6410"
  },
  "C:\\Users\\ankit.sahay\\Downloads\\RCWILLEY\\cypress\\e2e\\stepDefinitions\\locations.cy.js": {
    "path": "C:\\Users\\ankit.sahay\\Downloads\\RCWILLEY\\cypress\\e2e\\stepDefinitions\\locations.cy.js",
    "statementMap": {
      "0": {
        "start": {
          "line": 4,
          "column": 23
        },
        "end": {
          "line": 4,
          "column": 43
        }
      },
      "1": {
        "start": {
          "line": 5,
          "column": 17
        },
        "end": {
          "line": 5,
          "column": 31
        }
      },
      "2": {
        "start": {
          "line": 7,
          "column": 0
        },
        "end": {
          "line": 12,
          "column": 3
        }
      },
      "3": {
        "start": {
          "line": 9,
          "column": 2
        },
        "end": {
          "line": 9,
          "column": 16
        }
      },
      "4": {
        "start": {
          "line": 14,
          "column": 0
        },
        "end": {
          "line": 20,
          "column": 3
        }
      },
      "5": {
        "start": {
          "line": 18,
          "column": 2
        },
        "end": {
          "line": 18,
          "column": 31
        }
      },
      "6": {
        "start": {
          "line": 19,
          "column": 2
        },
        "end": {
          "line": 19,
          "column": 37
        }
      },
      "7": {
        "start": {
          "line": 22,
          "column": 0
        },
        "end": {
          "line": 26,
          "column": 3
        }
      },
      "8": {
        "start": {
          "line": 24,
          "column": 2
        },
        "end": {
          "line": 24,
          "column": 39
        }
      },
      "9": {
        "start": {
          "line": 28,
          "column": 0
        },
        "end": {
          "line": 38,
          "column": 3
        }
      },
      "10": {
        "start": {
          "line": 30,
          "column": 14
        },
        "end": {
          "line": 30,
          "column": 51
        }
      },
      "11": {
        "start": {
          "line": 30,
          "column": 44
        },
        "end": {
          "line": 30,
          "column": 50
        }
      },
      "12": {
        "start": {
          "line": 32,
          "column": 2
        },
        "end": {
          "line": 34,
          "column": 5
        }
      },
      "13": {
        "start": {
          "line": 33,
          "column": 4
        },
        "end": {
          "line": 33,
          "column": 76
        }
      }
    },
    "fnMap": {
      "0": {
        "name": "(anonymous_0)",
        "decl": {
          "start": {
            "line": 7,
            "column": 44
          },
          "end": {
            "line": 7,
            "column": 45
          }
        },
        "loc": {
          "start": {
            "line": 7,
            "column": 50
          },
          "end": {
            "line": 12,
            "column": 1
          }
        },
        "line": 7
      },
      "1": {
        "name": "(anonymous_1)",
        "decl": {
          "start": {
            "line": 14,
            "column": 38
          },
          "end": {
            "line": 14,
            "column": 39
          }
        },
        "loc": {
          "start": {
            "line": 14,
            "column": 51
          },
          "end": {
            "line": 20,
            "column": 1
          }
        },
        "line": 14
      },
      "2": {
        "name": "(anonymous_2)",
        "decl": {
          "start": {
            "line": 22,
            "column": 33
          },
          "end": {
            "line": 22,
            "column": 34
          }
        },
        "loc": {
          "start": {
            "line": 22,
            "column": 39
          },
          "end": {
            "line": 26,
            "column": 1
          }
        },
        "line": 22
      },
      "3": {
        "name": "(anonymous_3)",
        "decl": {
          "start": {
            "line": 28,
            "column": 33
          },
          "end": {
            "line": 28,
            "column": 34
          }
        },
        "loc": {
          "start": {
            "line": 28,
            "column": 48
          },
          "end": {
            "line": 38,
            "column": 1
          }
        },
        "line": 28
      },
      "4": {
        "name": "(anonymous_4)",
        "decl": {
          "start": {
            "line": 30,
            "column": 37
          },
          "end": {
            "line": 30,
            "column": 38
          }
        },
        "loc": {
          "start": {
            "line": 30,
            "column": 44
          },
          "end": {
            "line": 30,
            "column": 50
          }
        },
        "line": 30
      },
      "5": {
        "name": "(anonymous_5)",
        "decl": {
          "start": {
            "line": 32,
            "column": 14
          },
          "end": {
            "line": 32,
            "column": 15
          }
        },
        "loc": {
          "start": {
            "line": 32,
            "column": 34
          },
          "end": {
            "line": 34,
            "column": 3
          }
        },
        "line": 32
      }
    },
    "branchMap": {},
    "s": {
      "0": 6,
      "1": 6,
      "2": 6,
      "3": 2,
      "4": 6,
      "5": 6,
      "6": 6,
      "7": 6,
      "8": 0,
      "9": 6,
      "10": 0,
      "11": 0,
      "12": 0,
      "13": 0
    },
    "f": {
      "0": 2,
      "1": 6,
      "2": 0,
      "3": 0,
      "4": 0,
      "5": 0
    },
    "b": {},
    "_coverageSchema": "1a1c01bbd47fc00a2c39e90264f33305004495a9",
    "hash": "87bc08587bb262d326071bbcdb68fd43e0189f16"
  },
  "C:\\Users\\ankit.sahay\\Downloads\\RCWILLEY\\cypress\\e2e\\stepDefinitions\\title.cy.js": {
    "path": "C:\\Users\\ankit.sahay\\Downloads\\RCWILLEY\\cypress\\e2e\\stepDefinitions\\title.cy.js",
    "statementMap": {
      "0": {
        "start": {
          "line": 3,
          "column": 15
        },
        "end": {
          "line": 3,
          "column": 29
        }
      },
      "1": {
        "start": {
          "line": 4,
          "column": 0
        },
        "end": {
          "line": 6,
          "column": 3
        }
      },
      "2": {
        "start": {
          "line": 5,
          "column": 4
        },
        "end": {
          "line": 5,
          "column": 18
        }
      },
      "3": {
        "start": {
          "line": 8,
          "column": 0
        },
        "end": {
          "line": 11,
          "column": 3
        }
      },
      "4": {
        "start": {
          "line": 9,
          "column": 4
        },
        "end": {
          "line": 9,
          "column": 60
        }
      }
    },
    "fnMap": {
      "0": {
        "name": "(anonymous_0)",
        "decl": {
          "start": {
            "line": 4,
            "column": 44
          },
          "end": {
            "line": 4,
            "column": 45
          }
        },
        "loc": {
          "start": {
            "line": 4,
            "column": 50
          },
          "end": {
            "line": 6,
            "column": 1
          }
        },
        "line": 4
      },
      "1": {
        "name": "(anonymous_1)",
        "decl": {
          "start": {
            "line": 8,
            "column": 37
          },
          "end": {
            "line": 8,
            "column": 38
          }
        },
        "loc": {
          "start": {
            "line": 8,
            "column": 56
          },
          "end": {
            "line": 11,
            "column": 1
          }
        },
        "line": 8
      }
    },
    "branchMap": {},
    "s": {
      "0": 6,
      "1": 6,
      "2": 0,
      "3": 6,
      "4": 1
    },
    "f": {
      "0": 0,
      "1": 1
    },
    "b": {},
    "_coverageSchema": "1a1c01bbd47fc00a2c39e90264f33305004495a9",
    "hash": "e8a92af11860af4d942b2ab0fcc6186fe9cd4f39"
  },
  "C:/Users/ankit.sahay/Downloads/RCWILLEY/babel.config.js": {
    "path": "C:/Users/ankit.sahay/Downloads/RCWILLEY/babel.config.js",
    "statementMap": {},
    "fnMap": {},
    "branchMap": {},
    "s": {},
    "f": {},
    "b": {}
  },
  "C:/Users/ankit.sahay/Downloads/RCWILLEY/cypress.config.js": {
    "path": "C:/Users/ankit.sahay/Downloads/RCWILLEY/cypress.config.js",
    "statementMap": {},
    "fnMap": {},
    "branchMap": {},
    "s": {},
    "f": {},
    "b": {}
  },
  "C:/Users/ankit.sahay/Downloads/RCWILLEY/coverage/block-navigation.js": {
    "path": "C:/Users/ankit.sahay/Downloads/RCWILLEY/coverage/block-navigation.js",
    "statementMap": {},
    "fnMap": {},
    "branchMap": {},
    "s": {},
    "f": {},
    "b": {}
  },
  "C:/Users/ankit.sahay/Downloads/RCWILLEY/coverage/prettify.js": {
    "path": "C:/Users/ankit.sahay/Downloads/RCWILLEY/coverage/prettify.js",
    "statementMap": {},
    "fnMap": {},
    "branchMap": {},
    "s": {},
    "f": {},
    "b": {}
  },
  "C:/Users/ankit.sahay/Downloads/RCWILLEY/coverage/sorter.js": {
    "path": "C:/Users/ankit.sahay/Downloads/RCWILLEY/coverage/sorter.js",
    "statementMap": {},
    "fnMap": {},
    "branchMap": {},
    "s": {},
    "f": {},
    "b": {}
  },
  "C:/Users/ankit.sahay/Downloads/RCWILLEY/coverage/lcov-report/block-navigation.js": {
    "path": "C:/Users/ankit.sahay/Downloads/RCWILLEY/coverage/lcov-report/block-navigation.js",
    "statementMap": {},
    "fnMap": {},
    "branchMap": {},
    "s": {},
    "f": {},
    "b": {}
  },
  "C:/Users/ankit.sahay/Downloads/RCWILLEY/coverage/lcov-report/prettify.js": {
    "path": "C:/Users/ankit.sahay/Downloads/RCWILLEY/coverage/lcov-report/prettify.js",
    "statementMap": {},
    "fnMap": {},
    "branchMap": {},
    "s": {},
    "f": {},
    "b": {}
  },
  "C:/Users/ankit.sahay/Downloads/RCWILLEY/coverage/lcov-report/sorter.js": {
    "path": "C:/Users/ankit.sahay/Downloads/RCWILLEY/coverage/lcov-report/sorter.js",
    "statementMap": {},
    "fnMap": {},
    "branchMap": {},
    "s": {},
    "f": {},
    "b": {}
  },
  "C:/Users/ankit.sahay/Downloads/RCWILLEY/cypress/e2e/features/addToCart.feature": {
    "path": "C:/Users/ankit.sahay/Downloads/RCWILLEY/cypress/e2e/features/addToCart.feature",
    "statementMap": {},
    "fnMap": {},
    "branchMap": {},
    "s": {},
    "f": {},
    "b": {}
  },
  "C:/Users/ankit.sahay/Downloads/RCWILLEY/cypress/e2e/features/locations.feature": {
    "path": "C:/Users/ankit.sahay/Downloads/RCWILLEY/cypress/e2e/features/locations.feature",
    "statementMap": {},
    "fnMap": {},
    "branchMap": {},
    "s": {},
    "f": {},
    "b": {}
  },
  "C:/Users/ankit.sahay/Downloads/RCWILLEY/cypress/e2e/features/title.feature": {
    "path": "C:/Users/ankit.sahay/Downloads/RCWILLEY/cypress/e2e/features/title.feature",
    "statementMap": {},
    "fnMap": {},
    "branchMap": {},
    "s": {},
    "f": {},
    "b": {}
  },
  "C:/Users/ankit.sahay/Downloads/RCWILLEY/cypress/e2e/features/electronicsFeatures/protectionPlans.feature": {
    "path": "C:/Users/ankit.sahay/Downloads/RCWILLEY/cypress/e2e/features/electronicsFeatures/protectionPlans.feature",
    "statementMap": {},
    "fnMap": {},
    "branchMap": {},
    "s": {},
    "f": {},
    "b": {}
  },
  "C:/Users/ankit.sahay/Downloads/RCWILLEY/cypress/e2e/features/furnitureFeatures/creditCardPayment.feature": {
    "path": "C:/Users/ankit.sahay/Downloads/RCWILLEY/cypress/e2e/features/furnitureFeatures/creditCardPayment.feature",
    "statementMap": {},
    "fnMap": {},
    "branchMap": {},
    "s": {},
    "f": {},
    "b": {}
  },
  "C:/Users/ankit.sahay/Downloads/RCWILLEY/cypress/e2e/features/furnitureFeatures/payPalPayment.feature": {
    "path": "C:/Users/ankit.sahay/Downloads/RCWILLEY/cypress/e2e/features/furnitureFeatures/payPalPayment.feature",
    "statementMap": {},
    "fnMap": {},
    "branchMap": {},
    "s": {},
    "f": {},
    "b": {}
  }
}
