TN:
SF:babel.config.js
FNF:0
FNH:0
LF:0
LH:0
BRF:0
BRH:0
end_of_record
TN:
SF:cypress.config.js
FNF:0
FNH:0
LF:0
LH:0
BRF:0
BRH:0
end_of_record
TN:
SF:coverage\block-navigation.js
FNF:0
FNH:0
LF:0
LH:0
BRF:0
BRH:0
end_of_record
TN:
SF:coverage\prettify.js
FNF:0
FNH:0
LF:0
LH:0
BRF:0
BRH:0
end_of_record
TN:
SF:coverage\sorter.js
FNF:0
FNH:0
LF:0
LH:0
BRF:0
BRH:0
end_of_record
TN:
SF:coverage\lcov-report\block-navigation.js
FNF:0
FNH:0
LF:0
LH:0
BRF:0
BRH:0
end_of_record
TN:
SF:coverage\lcov-report\prettify.js
FNF:0
FNH:0
LF:0
LH:0
BRF:0
BRH:0
end_of_record
TN:
SF:coverage\lcov-report\sorter.js
FNF:0
FNH:0
LF:0
LH:0
BRF:0
BRH:0
end_of_record
TN:
SF:cypress\e2e\features\addToCart.feature
FNF:0
FNH:0
LF:0
LH:0
BRF:0
BRH:0
end_of_record
TN:
SF:cypress\e2e\features\locations.feature
FNF:0
FNH:0
LF:0
LH:0
BRF:0
BRH:0
end_of_record
TN:
SF:cypress\e2e\features\title.feature
FNF:0
FNH:0
LF:0
LH:0
BRF:0
BRH:0
end_of_record
TN:
SF:cypress\e2e\features\electronicsFeatures\protectionPlans.feature
FNF:0
FNH:0
LF:0
LH:0
BRF:0
BRH:0
end_of_record
TN:
SF:cypress\e2e\features\furnitureFeatures\creditCardPayment.feature
FNF:0
FNH:0
LF:0
LH:0
BRF:0
BRH:0
end_of_record
TN:
SF:cypress\e2e\features\furnitureFeatures\payPalPayment.feature
FNF:0
FNH:0
LF:0
LH:0
BRF:0
BRH:0
end_of_record
TN:
SF:cypress\e2e\pageObjects\addToCart.js
FN:15,(anonymous_0)
FN:19,(anonymous_1)
FN:25,(anonymous_2)
FN:31,(anonymous_3)
FN:39,(anonymous_4)
FN:50,(anonymous_5)
FN:57,(anonymous_6)
FNF:7
FNH:0
FNDA:0,(anonymous_0)
FNDA:0,(anonymous_1)
FNDA:0,(anonymous_2)
FNDA:0,(anonymous_3)
FNDA:0,(anonymous_4)
FNDA:0,(anonymous_5)
FNDA:0,(anonymous_6)
DA:1,6
DA:3,6
DA:4,6
DA:5,6
DA:6,6
DA:7,6
DA:10,6
DA:11,6
DA:17,0
DA:21,0
DA:22,0
DA:27,0
DA:28,0
DA:33,0
DA:36,0
DA:37,0
DA:41,0
DA:42,0
DA:52,0
DA:54,0
DA:59,0
DA:60,0
LF:22
LH:8
BRF:0
BRH:0
end_of_record
TN:
SF:cypress\e2e\pageObjects\homePage.js
FN:8,(anonymous_0)
FN:12,(anonymous_1)
FN:16,(anonymous_2)
FNF:3
FNH:3
FNDA:1,(anonymous_0)
FNDA:6,(anonymous_1)
FNDA:6,(anonymous_2)
DA:1,6
DA:2,6
DA:9,1
DA:13,6
DA:14,6
DA:17,6
LF:6
LH:6
BRF:0
BRH:0
end_of_record
TN:
SF:cypress\e2e\pageObjects\storeLocations.js
FN:8,(anonymous_0)
FN:12,(anonymous_1)
FN:15,(anonymous_2)
FNF:3
FNH:0
FNDA:0,(anonymous_0)
FNDA:0,(anonymous_1)
FNDA:0,(anonymous_2)
DA:1,6
DA:2,6
DA:9,0
DA:13,0
DA:16,0
LF:5
LH:2
BRF:0
BRH:0
end_of_record
TN:
SF:cypress\e2e\pageObjects\electronicsPageObject\protectionPlansObject.js
FN:15,(anonymous_0)
FN:18,(anonymous_1)
FN:24,(anonymous_2)
FN:28,(anonymous_3)
FN:31,(anonymous_4)
FN:35,(anonymous_5)
FN:40,(anonymous_6)
FNF:7
FNH:0
FNDA:0,(anonymous_0)
FNDA:0,(anonymous_1)
FNDA:0,(anonymous_2)
FNDA:0,(anonymous_3)
FNDA:0,(anonymous_4)
FNDA:0,(anonymous_5)
FNDA:0,(anonymous_6)
DA:1,6
DA:4,6
DA:5,6
DA:7,6
DA:8,6
DA:9,6
DA:10,6
DA:11,6
DA:16,0
DA:19,0
DA:20,0
DA:22,0
DA:25,0
DA:26,0
DA:29,0
DA:32,0
DA:33,0
DA:36,0
DA:37,0
DA:41,0
LF:20
LH:8
BRDA:19,0,0,0
BRDA:19,0,1,0
BRF:2
BRH:0
end_of_record
TN:
SF:cypress\e2e\pageObjects\furniturePageObjects\creditCardPayment.js
FN:42,(anonymous_0)
FN:45,(anonymous_1)
FN:50,(anonymous_2)
FN:55,(anonymous_3)
FN:62,(anonymous_4)
FN:66,(anonymous_5)
FN:72,(anonymous_6)
FN:76,(anonymous_7)
FN:79,(anonymous_8)
FN:82,(anonymous_9)
FN:85,(anonymous_10)
FN:90,(anonymous_11)
FN:94,(anonymous_12)
FN:97,(anonymous_13)
FNF:14
FNH:0
FNDA:0,(anonymous_0)
FNDA:0,(anonymous_1)
FNDA:0,(anonymous_2)
FNDA:0,(anonymous_3)
FNDA:0,(anonymous_4)
FNDA:0,(anonymous_5)
FNDA:0,(anonymous_6)
FNDA:0,(anonymous_7)
FNDA:0,(anonymous_8)
FNDA:0,(anonymous_9)
FNDA:0,(anonymous_10)
FNDA:0,(anonymous_11)
FNDA:0,(anonymous_12)
FNDA:0,(anonymous_13)
DA:1,6
DA:2,6
DA:3,6
DA:4,6
DA:5,6
DA:6,6
DA:7,6
DA:8,6
DA:11,6
DA:12,6
DA:13,6
DA:14,6
DA:15,6
DA:18,6
DA:19,6
DA:20,6
DA:21,6
DA:22,6
DA:23,6
DA:24,6
DA:25,6
DA:28,6
DA:29,6
DA:33,6
DA:34,6
DA:35,6
DA:39,6
DA:43,0
DA:46,0
DA:47,0
DA:51,0
DA:52,0
DA:56,0
DA:59,0
DA:60,0
DA:63,0
DA:64,0
DA:67,0
DA:69,0
DA:73,0
DA:74,0
DA:77,0
DA:80,0
DA:83,0
DA:86,0
DA:87,0
DA:91,0
DA:92,0
DA:95,0
DA:98,0
DA:99,0
LF:51
LH:27
BRF:0
BRH:0
end_of_record
TN:
SF:cypress\e2e\pageObjects\furniturePageObjects\payPalPayment.js
FN:44,(anonymous_0)
FN:47,(anonymous_1)
FN:52,(anonymous_2)
FN:57,(anonymous_3)
FN:64,(anonymous_4)
FN:68,(anonymous_5)
FN:74,(anonymous_6)
FN:78,(anonymous_7)
FN:81,(anonymous_8)
FN:84,(anonymous_9)
FN:87,(anonymous_10)
FN:92,(anonymous_11)
FN:96,(anonymous_12)
FN:99,(anonymous_13)
FNF:14
FNH:0
FNDA:0,(anonymous_0)
FNDA:0,(anonymous_1)
FNDA:0,(anonymous_2)
FNDA:0,(anonymous_3)
FNDA:0,(anonymous_4)
FNDA:0,(anonymous_5)
FNDA:0,(anonymous_6)
FNDA:0,(anonymous_7)
FNDA:0,(anonymous_8)
FNDA:0,(anonymous_9)
FNDA:0,(anonymous_10)
FNDA:0,(anonymous_11)
FNDA:0,(anonymous_12)
FNDA:0,(anonymous_13)
DA:1,6
DA:2,6
DA:3,6
DA:4,6
DA:5,6
DA:6,6
DA:7,6
DA:8,6
DA:11,6
DA:12,6
DA:13,6
DA:14,6
DA:15,6
DA:18,6
DA:19,6
DA:20,6
DA:21,6
DA:22,6
DA:23,6
DA:24,6
DA:25,6
DA:28,6
DA:29,6
DA:30,6
DA:31,6
DA:35,6
DA:36,6
DA:37,6
DA:41,6
DA:45,0
DA:48,0
DA:49,0
DA:53,0
DA:54,0
DA:58,0
DA:61,0
DA:62,0
DA:65,0
DA:66,0
DA:69,0
DA:71,0
DA:75,0
DA:76,0
DA:79,0
DA:82,0
DA:85,0
DA:88,0
DA:89,0
DA:93,0
DA:94,0
DA:99,0
DA:101,0
LF:52
LH:29
BRF:0
BRH:0
end_of_record
TN:
SF:cypress\e2e\stepDefinitions\addToCart.cy.js
FN:6,(anonymous_0)
FN:10,(anonymous_1)
FN:14,(anonymous_2)
FN:18,(anonymous_3)
FN:22,(anonymous_4)
FN:26,(anonymous_5)
FN:30,(anonymous_6)
FN:34,(anonymous_7)
FN:38,(anonymous_8)
FN:42,(anonymous_9)
FN:48,(anonymous_10)
FN:52,(anonymous_11)
FN:57,(anonymous_12)
FNF:13
FNH:1
FNDA:5,(anonymous_0)
FNDA:0,(anonymous_1)
FNDA:0,(anonymous_2)
FNDA:0,(anonymous_3)
FNDA:0,(anonymous_4)
FNDA:0,(anonymous_5)
FNDA:0,(anonymous_6)
FNDA:0,(anonymous_7)
FNDA:0,(anonymous_8)
FNDA:0,(anonymous_9)
FNDA:0,(anonymous_10)
FNDA:0,(anonymous_11)
FNDA:0,(anonymous_12)
DA:4,6
DA:6,6
DA:7,5
DA:10,6
DA:11,0
DA:14,6
DA:15,0
DA:18,6
DA:19,0
DA:22,6
DA:26,6
DA:30,6
DA:31,0
DA:34,6
DA:38,6
DA:42,6
DA:45,0
DA:48,6
DA:52,6
DA:53,0
DA:57,6
DA:58,0
LF:22
LH:15
BRF:0
BRH:0
end_of_record
TN:
SF:cypress\e2e\stepDefinitions\locations.cy.js
FN:7,(anonymous_0)
FN:14,(anonymous_1)
FN:22,(anonymous_2)
FN:28,(anonymous_3)
FN:30,(anonymous_4)
FN:32,(anonymous_5)
FNF:6
FNH:2
FNDA:2,(anonymous_0)
FNDA:6,(anonymous_1)
FNDA:0,(anonymous_2)
FNDA:0,(anonymous_3)
FNDA:0,(anonymous_4)
FNDA:0,(anonymous_5)
DA:4,6
DA:5,6
DA:7,6
DA:9,2
DA:14,6
DA:18,6
DA:19,6
DA:22,6
DA:24,0
DA:28,6
DA:30,0
DA:32,0
DA:33,0
LF:13
LH:9
BRF:0
BRH:0
end_of_record
TN:
SF:cypress\e2e\stepDefinitions\title.cy.js
FN:4,(anonymous_0)
FN:8,(anonymous_1)
FNF:2
FNH:1
FNDA:0,(anonymous_0)
FNDA:1,(anonymous_1)
DA:3,6
DA:4,6
DA:5,0
DA:8,6
DA:9,1
LF:5
LH:4
BRF:0
BRH:0
end_of_record
TN:
SF:cypress\e2e\stepDefinitions\electronicsStepDefinitiopns\protectionPlans.cy.js
FN:6,(anonymous_0)
FN:11,(anonymous_1)
FN:15,(anonymous_2)
FN:18,(anonymous_3)
FN:24,(anonymous_4)
FN:28,(anonymous_5)
FN:31,(anonymous_6)
FNF:7
FNH:0
FNDA:0,(anonymous_0)
FNDA:0,(anonymous_1)
FNDA:0,(anonymous_2)
FNDA:0,(anonymous_3)
FNDA:0,(anonymous_4)
FNDA:0,(anonymous_5)
FNDA:0,(anonymous_6)
DA:4,6
DA:6,6
DA:7,0
DA:8,0
DA:11,6
DA:12,0
DA:15,6
DA:16,0
DA:18,6
DA:20,0
DA:24,6
DA:25,0
DA:28,6
DA:29,0
DA:31,6
DA:33,0
LF:16
LH:8
BRF:0
BRH:0
end_of_record
TN:
SF:cypress\e2e\stepDefinitions\furnitureStepDefinitions\creditCardPayment.cy.js
FN:5,(anonymous_0)
FN:9,(anonymous_1)
FN:13,(anonymous_2)
FN:17,(anonymous_3)
FN:21,(anonymous_4)
FN:25,(anonymous_5)
FN:29,(anonymous_6)
FN:33,(anonymous_7)
FN:37,(anonymous_8)
FN:41,(anonymous_9)
FN:45,(anonymous_10)
FN:49,(anonymous_11)
FN:53,(anonymous_12)
FN:55,(anonymous_13)
FN:57,(anonymous_14)
FN:62,(anonymous_15)
FN:64,(anonymous_16)
FN:74,(anonymous_17)
FN:76,(anonymous_18)
FN:85,(anonymous_19)
FN:87,(anonymous_20)
FN:89,(anonymous_21)
FN:94,(anonymous_22)
FN:97,(anonymous_23)
FN:102,(anonymous_24)
FN:106,(anonymous_25)
FN:108,(anonymous_26)
FN:114,(anonymous_27)
FN:129,(anonymous_28)
FN:134,(anonymous_29)
FN:137,(anonymous_30)
FNF:31
FNH:0
FNDA:0,(anonymous_0)
FNDA:0,(anonymous_1)
FNDA:0,(anonymous_2)
FNDA:0,(anonymous_3)
FNDA:0,(anonymous_4)
FNDA:0,(anonymous_5)
FNDA:0,(anonymous_6)
FNDA:0,(anonymous_7)
FNDA:0,(anonymous_8)
FNDA:0,(anonymous_9)
FNDA:0,(anonymous_10)
FNDA:0,(anonymous_11)
FNDA:0,(anonymous_12)
FNDA:0,(anonymous_13)
FNDA:0,(anonymous_14)
FNDA:0,(anonymous_15)
FNDA:0,(anonymous_16)
FNDA:0,(anonymous_17)
FNDA:0,(anonymous_18)
FNDA:0,(anonymous_19)
FNDA:0,(anonymous_20)
FNDA:0,(anonymous_21)
FNDA:0,(anonymous_22)
FNDA:0,(anonymous_23)
FNDA:0,(anonymous_24)
FNDA:0,(anonymous_25)
FNDA:0,(anonymous_26)
FNDA:0,(anonymous_27)
FNDA:0,(anonymous_28)
FNDA:0,(anonymous_29)
FNDA:0,(anonymous_30)
DA:3,6
DA:5,6
DA:6,0
DA:9,6
DA:10,0
DA:13,6
DA:14,0
DA:17,6
DA:18,0
DA:21,6
DA:25,6
DA:29,6
DA:30,0
DA:33,6
DA:37,6
DA:41,6
DA:42,0
DA:45,6
DA:49,6
DA:50,0
DA:53,6
DA:55,0
DA:57,0
DA:58,0
DA:62,6
DA:64,0
DA:67,0
DA:68,0
DA:69,0
DA:74,6
DA:76,0
DA:79,0
DA:80,0
DA:81,0
DA:85,6
DA:87,0
DA:89,0
DA:90,0
DA:94,6
DA:95,0
DA:97,6
DA:98,0
DA:102,6
DA:103,0
DA:106,6
DA:108,0
DA:110,0
DA:112,0
DA:114,0
DA:116,0
DA:122,0
DA:129,6
DA:130,0
DA:131,0
DA:134,6
DA:135,0
DA:137,6
DA:138,0
LF:58
LH:24
BRDA:112,0,0,0
BRDA:112,0,1,0
BRF:2
BRH:0
end_of_record
TN:
SF:cypress\e2e\stepDefinitions\furnitureStepDefinitions\payPalPayment.cy.js
FN:5,(anonymous_0)
FN:9,(anonymous_1)
FN:13,(anonymous_2)
FN:17,(anonymous_3)
FN:21,(anonymous_4)
FN:25,(anonymous_5)
FN:29,(anonymous_6)
FN:33,(anonymous_7)
FN:37,(anonymous_8)
FN:41,(anonymous_9)
FN:45,(anonymous_10)
FN:49,(anonymous_11)
FN:53,(anonymous_12)
FN:55,(anonymous_13)
FN:57,(anonymous_14)
FN:62,(anonymous_15)
FN:64,(anonymous_16)
FN:74,(anonymous_17)
FN:76,(anonymous_18)
FN:85,(anonymous_19)
FN:87,(anonymous_20)
FN:89,(anonymous_21)
FN:94,(anonymous_22)
FN:97,(anonymous_23)
FN:102,(anonymous_24)
FN:107,(anonymous_25)
FN:111,(anonymous_26)
FN:116,(anonymous_27)
FNF:28
FNH:0
FNDA:0,(anonymous_0)
FNDA:0,(anonymous_1)
FNDA:0,(anonymous_2)
FNDA:0,(anonymous_3)
FNDA:0,(anonymous_4)
FNDA:0,(anonymous_5)
FNDA:0,(anonymous_6)
FNDA:0,(anonymous_7)
FNDA:0,(anonymous_8)
FNDA:0,(anonymous_9)
FNDA:0,(anonymous_10)
FNDA:0,(anonymous_11)
FNDA:0,(anonymous_12)
FNDA:0,(anonymous_13)
FNDA:0,(anonymous_14)
FNDA:0,(anonymous_15)
FNDA:0,(anonymous_16)
FNDA:0,(anonymous_17)
FNDA:0,(anonymous_18)
FNDA:0,(anonymous_19)
FNDA:0,(anonymous_20)
FNDA:0,(anonymous_21)
FNDA:0,(anonymous_22)
FNDA:0,(anonymous_23)
FNDA:0,(anonymous_24)
FNDA:0,(anonymous_25)
FNDA:0,(anonymous_26)
FNDA:0,(anonymous_27)
DA:3,6
DA:5,6
DA:6,0
DA:9,6
DA:10,0
DA:13,6
DA:14,0
DA:17,6
DA:18,0
DA:21,6
DA:25,6
DA:29,6
DA:30,0
DA:33,6
DA:37,6
DA:41,6
DA:42,0
DA:45,6
DA:49,6
DA:50,0
DA:53,6
DA:55,0
DA:57,0
DA:58,0
DA:62,6
DA:64,0
DA:67,0
DA:68,0
DA:69,0
DA:74,6
DA:76,0
DA:79,0
DA:80,0
DA:81,0
DA:85,6
DA:87,0
DA:89,0
DA:90,0
DA:94,6
DA:95,0
DA:97,6
DA:98,0
DA:102,6
DA:103,0
DA:107,6
DA:111,6
DA:112,0
DA:116,6
LF:48
LH:23
BRF:0
BRH:0
end_of_record
TN:
SF:cypress\support\commands.js
FN:29,(anonymous_0)
FNF:1
FNH:0
FNDA:0,(anonymous_0)
DA:29,6
DA:30,0
LF:2
LH:1
BRF:0
BRH:0
end_of_record
TN:
SF:cypress\support\e2e.js
FNF:0
FNH:0
DA:26,6
DA:27,6
DA:28,6
DA:29,6
DA:30,6
DA:31,6
LF:6
LH:6
BRDA:27,0,0,6
BRDA:27,0,1,0
BRF:2
BRH:1
end_of_record
TN:
SF:..\..\..\ravikumarkaklotar\Desktop\RCWILLEY\babel.config.js
FNF:0
FNH:0
DA:1,1
LF:1
LH:1
BRF:0
BRH:0
end_of_record
TN:
SF:..\..\..\ravikumarkaklotar\Desktop\RCWILLEY\cypress.config.js
FN:15,(anonymous_0)
FNF:1
FNH:1
FNDA:1,(anonymous_0)
DA:1,1
DA:2,1
DA:3,1
DA:5,1
DA:17,1
DA:20,1
DA:23,1
DA:26,1
LF:8
LH:8
BRF:0
BRH:0
end_of_record
TN:
SF:..\..\..\ravikumarkaklotar\Desktop\RCWILLEY\coverage\block-navigation.js
FNF:0
FNH:0
LF:0
LH:0
BRF:0
BRH:0
end_of_record
TN:
SF:..\..\..\ravikumarkaklotar\Desktop\RCWILLEY\coverage\prettify.js
FNF:0
FNH:0
LF:0
LH:0
BRF:0
BRH:0
end_of_record
TN:
SF:..\..\..\ravikumarkaklotar\Desktop\RCWILLEY\coverage\sorter.js
FNF:0
FNH:0
LF:0
LH:0
BRF:0
BRH:0
end_of_record
TN:
SF:..\..\..\ravikumarkaklotar\Desktop\RCWILLEY\coverage\lcov-report\block-navigation.js
FNF:0
FNH:0
LF:0
LH:0
BRF:0
BRH:0
end_of_record
TN:
SF:..\..\..\ravikumarkaklotar\Desktop\RCWILLEY\coverage\lcov-report\prettify.js
FNF:0
FNH:0
LF:0
LH:0
BRF:0
BRH:0
end_of_record
TN:
SF:..\..\..\ravikumarkaklotar\Desktop\RCWILLEY\coverage\lcov-report\sorter.js
FNF:0
FNH:0
LF:0
LH:0
BRF:0
BRH:0
end_of_record
TN:
SF:..\..\..\ravikumarkaklotar\Desktop\RCWILLEY\cypress\e2e\features\addToCart.feature
FNF:0
FNH:0
LF:0
LH:0
BRF:0
BRH:0
end_of_record
TN:
SF:..\..\..\ravikumarkaklotar\Desktop\RCWILLEY\cypress\e2e\features\locations.feature
FNF:0
FNH:0
LF:0
LH:0
BRF:0
BRH:0
end_of_record
TN:
SF:..\..\..\ravikumarkaklotar\Desktop\RCWILLEY\cypress\e2e\features\title.feature
FNF:0
FNH:0
LF:0
LH:0
BRF:0
BRH:0
end_of_record
TN:
SF:..\..\..\ravikumarkaklotar\Desktop\RCWILLEY\cypress\e2e\features\electronicsFeatures\protectionPlans.feature
FNF:0
FNH:0
LF:0
LH:0
BRF:0
BRH:0
end_of_record
TN:
SF:..\..\..\ravikumarkaklotar\Desktop\RCWILLEY\cypress\e2e\features\furnitureFeatures\creditCardPayment.feature
FNF:0
FNH:0
LF:0
LH:0
BRF:0
BRH:0
end_of_record
TN:
SF:..\..\..\ravikumarkaklotar\Desktop\RCWILLEY\cypress\e2e\features\furnitureFeatures\payPalPayment.feature
FNF:0
FNH:0
LF:0
LH:0
BRF:0
BRH:0
end_of_record
TN:
SF:..\..\..\ravikumarkaklotar\Desktop\RCWILLEY\cypress\e2e\pageObjects\addToCart.js
FN:15,(anonymous_0)
FN:19,(anonymous_1)
FN:25,(anonymous_2)
FN:31,(anonymous_3)
FN:39,(anonymous_4)
FN:50,(anonymous_5)
FN:57,(anonymous_6)
FNF:7
FNH:3
FNDA:0,(anonymous_0)
FNDA:0,(anonymous_1)
FNDA:0,(anonymous_2)
FNDA:0,(anonymous_3)
FNDA:2,(anonymous_4)
FNDA:2,(anonymous_5)
FNDA:2,(anonymous_6)
DA:1,1
DA:3,1
DA:4,1
DA:5,1
DA:6,1
DA:7,1
DA:10,1
DA:11,1
DA:17,0
DA:21,0
DA:22,0
DA:27,0
DA:28,0
DA:33,0
DA:36,0
DA:37,0
DA:41,2
DA:42,2
DA:52,2
DA:54,2
DA:59,2
DA:60,2
LF:22
LH:14
BRF:0
BRH:0
end_of_record
TN:
SF:..\..\..\ravikumarkaklotar\Desktop\RCWILLEY\cypress\e2e\pageObjects\homePage.js
FN:8,(anonymous_0)
FN:12,(anonymous_1)
FN:16,(anonymous_2)
FNF:3
FNH:2
FNDA:0,(anonymous_0)
FNDA:2,(anonymous_1)
FNDA:2,(anonymous_2)
DA:1,1
DA:2,1
DA:9,0
DA:13,2
DA:14,2
DA:17,2
LF:6
LH:5
BRF:0
BRH:0
end_of_record
TN:
SF:..\..\..\ravikumarkaklotar\Desktop\RCWILLEY\cypress\e2e\pageObjects\storeLocations.js
FN:8,(anonymous_0)
FN:12,(anonymous_1)
FN:15,(anonymous_2)
FNF:3
FNH:0
FNDA:0,(anonymous_0)
FNDA:0,(anonymous_1)
FNDA:0,(anonymous_2)
DA:1,1
DA:2,1
DA:9,0
DA:13,0
DA:16,0
LF:5
LH:2
BRF:0
BRH:0
end_of_record
TN:
SF:..\..\..\ravikumarkaklotar\Desktop\RCWILLEY\cypress\e2e\pageObjects\electronicsPageObject\protectionPlansObject.js
FN:15,(anonymous_0)
FN:18,(anonymous_1)
FN:24,(anonymous_2)
FN:28,(anonymous_3)
FN:31,(anonymous_4)
FN:35,(anonymous_5)
FN:40,(anonymous_6)
FNF:7
FNH:7
FNDA:2,(anonymous_0)
FNDA:2,(anonymous_1)
FNDA:2,(anonymous_2)
FNDA:2,(anonymous_3)
FNDA:1,(anonymous_4)
FNDA:1,(anonymous_5)
FNDA:2,(anonymous_6)
DA:1,1
DA:4,1
DA:5,1
DA:7,1
DA:8,1
DA:9,1
DA:10,1
DA:11,1
DA:16,2
DA:19,2
DA:20,2
DA:22,0
DA:25,2
DA:26,2
DA:29,2
DA:32,1
DA:33,1
DA:36,1
DA:37,1
DA:41,2
LF:20
LH:19
BRDA:19,0,0,2
BRDA:19,0,1,0
BRF:2
BRH:1
end_of_record
TN:
SF:..\..\..\ravikumarkaklotar\Desktop\RCWILLEY\cypress\e2e\pageObjects\furniturePageObjects\creditCardPayment.js
FN:42,(anonymous_0)
FN:45,(anonymous_1)
FN:50,(anonymous_2)
FN:55,(anonymous_3)
FN:62,(anonymous_4)
FN:66,(anonymous_5)
FN:72,(anonymous_6)
FN:76,(anonymous_7)
FN:79,(anonymous_8)
FN:82,(anonymous_9)
FN:85,(anonymous_10)
FN:90,(anonymous_11)
FN:94,(anonymous_12)
FN:97,(anonymous_13)
FNF:14
FNH:6
FNDA:0,(anonymous_0)
FNDA:0,(anonymous_1)
FNDA:0,(anonymous_2)
FNDA:0,(anonymous_3)
FNDA:0,(anonymous_4)
FNDA:0,(anonymous_5)
FNDA:0,(anonymous_6)
FNDA:8,(anonymous_7)
FNDA:10,(anonymous_8)
FNDA:2,(anonymous_9)
FNDA:2,(anonymous_10)
FNDA:2,(anonymous_11)
FNDA:2,(anonymous_12)
FNDA:0,(anonymous_13)
DA:1,1
DA:2,1
DA:3,1
DA:4,1
DA:5,1
DA:6,1
DA:7,1
DA:8,1
DA:11,1
DA:12,1
DA:13,1
DA:14,1
DA:15,1
DA:18,1
DA:19,1
DA:20,1
DA:21,1
DA:22,1
DA:23,1
DA:24,1
DA:25,1
DA:28,1
DA:29,1
DA:33,1
DA:34,1
DA:35,1
DA:39,1
DA:43,0
DA:46,0
DA:47,0
DA:51,0
DA:52,0
DA:56,0
DA:59,0
DA:60,0
DA:63,0
DA:64,0
DA:67,0
DA:69,0
DA:73,0
DA:74,0
DA:77,8
DA:80,10
DA:83,2
DA:86,2
DA:87,2
DA:91,2
DA:92,2
DA:95,2
DA:98,0
DA:99,0
LF:51
LH:35
BRF:0
BRH:0
end_of_record
TN:
SF:..\..\..\ravikumarkaklotar\Desktop\RCWILLEY\cypress\e2e\pageObjects\furniturePageObjects\payPalPayment.js
FN:44,(anonymous_0)
FN:47,(anonymous_1)
FN:52,(anonymous_2)
FN:57,(anonymous_3)
FN:64,(anonymous_4)
FN:68,(anonymous_5)
FN:74,(anonymous_6)
FN:78,(anonymous_7)
FN:81,(anonymous_8)
FN:84,(anonymous_9)
FN:87,(anonymous_10)
FN:92,(anonymous_11)
FN:96,(anonymous_12)
FN:99,(anonymous_13)
FNF:14
FNH:0
FNDA:0,(anonymous_0)
FNDA:0,(anonymous_1)
FNDA:0,(anonymous_2)
FNDA:0,(anonymous_3)
FNDA:0,(anonymous_4)
FNDA:0,(anonymous_5)
FNDA:0,(anonymous_6)
FNDA:0,(anonymous_7)
FNDA:0,(anonymous_8)
FNDA:0,(anonymous_9)
FNDA:0,(anonymous_10)
FNDA:0,(anonymous_11)
FNDA:0,(anonymous_12)
FNDA:0,(anonymous_13)
DA:1,1
DA:2,1
DA:3,1
DA:4,1
DA:5,1
DA:6,1
DA:7,1
DA:8,1
DA:11,1
DA:12,1
DA:13,1
DA:14,1
DA:15,1
DA:18,1
DA:19,1
DA:20,1
DA:21,1
DA:22,1
DA:23,1
DA:24,1
DA:25,1
DA:28,1
DA:29,1
DA:30,1
DA:31,1
DA:35,1
DA:36,1
DA:37,1
DA:41,1
DA:45,0
DA:48,0
DA:49,0
DA:53,0
DA:54,0
DA:58,0
DA:61,0
DA:62,0
DA:65,0
DA:66,0
DA:69,0
DA:71,0
DA:75,0
DA:76,0
DA:79,0
DA:82,0
DA:85,0
DA:88,0
DA:89,0
DA:93,0
DA:94,0
DA:99,0
DA:101,0
LF:52
LH:29
BRF:0
BRH:0
end_of_record
TN:
SF:..\..\..\ravikumarkaklotar\Desktop\RCWILLEY\cypress\e2e\stepDefinitions\addToCart.cy.js
FN:6,(anonymous_0)
FN:10,(anonymous_1)
FN:14,(anonymous_2)
FN:18,(anonymous_3)
FN:22,(anonymous_4)
FN:26,(anonymous_5)
FN:30,(anonymous_6)
FN:34,(anonymous_7)
FN:38,(anonymous_8)
FN:42,(anonymous_9)
FN:48,(anonymous_10)
FN:52,(anonymous_11)
FN:57,(anonymous_12)
FNF:13
FNH:6
FNDA:2,(anonymous_0)
FNDA:0,(anonymous_1)
FNDA:0,(anonymous_2)
FNDA:0,(anonymous_3)
FNDA:0,(anonymous_4)
FNDA:0,(anonymous_5)
FNDA:0,(anonymous_6)
FNDA:2,(anonymous_7)
FNDA:0,(anonymous_8)
FNDA:2,(anonymous_9)
FNDA:2,(anonymous_10)
FNDA:2,(anonymous_11)
FNDA:2,(anonymous_12)
DA:4,1
DA:6,1
DA:7,2
DA:10,1
DA:11,0
DA:14,1
DA:15,0
DA:18,1
DA:19,0
DA:22,1
DA:26,1
DA:30,1
DA:31,0
DA:34,1
DA:38,1
DA:42,1
DA:45,2
DA:48,1
DA:52,1
DA:53,2
DA:57,1
DA:58,2
LF:22
LH:18
BRF:0
BRH:0
end_of_record
TN:
SF:..\..\..\ravikumarkaklotar\Desktop\RCWILLEY\cypress\e2e\stepDefinitions\locations.cy.js
FN:7,(anonymous_0)
FN:14,(anonymous_1)
FN:22,(anonymous_2)
FN:28,(anonymous_3)
FN:30,(anonymous_4)
FN:32,(anonymous_5)
FNF:6
FNH:1
FNDA:0,(anonymous_0)
FNDA:2,(anonymous_1)
FNDA:0,(anonymous_2)
FNDA:0,(anonymous_3)
FNDA:0,(anonymous_4)
FNDA:0,(anonymous_5)
DA:4,1
DA:5,1
DA:7,1
DA:9,0
DA:14,1
DA:18,2
DA:19,2
DA:22,1
DA:24,0
DA:28,1
DA:30,0
DA:32,0
DA:33,0
LF:13
LH:8
BRF:0
BRH:0
end_of_record
TN:
SF:..\..\..\ravikumarkaklotar\Desktop\RCWILLEY\cypress\e2e\stepDefinitions\title.cy.js
FN:4,(anonymous_0)
FN:8,(anonymous_1)
FNF:2
FNH:0
FNDA:0,(anonymous_0)
FNDA:0,(anonymous_1)
DA:3,1
DA:4,1
DA:5,0
DA:8,1
DA:9,0
LF:5
LH:3
BRF:0
BRH:0
end_of_record
TN:
SF:..\..\..\ravikumarkaklotar\Desktop\RCWILLEY\cypress\e2e\stepDefinitions\electronicsStepDefinitiopns\protectionPlans.cy.js
FN:6,(anonymous_0)
FN:11,(anonymous_1)
FN:15,(anonymous_2)
FN:18,(anonymous_3)
FN:24,(anonymous_4)
FN:28,(anonymous_5)
FN:31,(anonymous_6)
FNF:7
FNH:7
FNDA:2,(anonymous_0)
FNDA:2,(anonymous_1)
FNDA:2,(anonymous_2)
FNDA:2,(anonymous_3)
FNDA:1,(anonymous_4)
FNDA:1,(anonymous_5)
FNDA:2,(anonymous_6)
DA:4,1
DA:6,1
DA:7,2
DA:8,2
DA:11,1
DA:12,2
DA:15,1
DA:16,2
DA:18,1
DA:20,2
DA:24,1
DA:25,1
DA:28,1
DA:29,1
DA:31,1
DA:33,2
LF:16
LH:16
BRF:0
BRH:0
end_of_record
TN:
SF:..\..\..\ravikumarkaklotar\Desktop\RCWILLEY\cypress\e2e\stepDefinitions\furnitureStepDefinitions\creditCardPayment.cy.js
FN:5,(anonymous_0)
FN:9,(anonymous_1)
FN:13,(anonymous_2)
FN:17,(anonymous_3)
FN:21,(anonymous_4)
FN:25,(anonymous_5)
FN:29,(anonymous_6)
FN:33,(anonymous_7)
FN:37,(anonymous_8)
FN:41,(anonymous_9)
FN:45,(anonymous_10)
FN:49,(anonymous_11)
FN:53,(anonymous_12)
FN:55,(anonymous_13)
FN:57,(anonymous_14)
FN:62,(anonymous_15)
FN:64,(anonymous_16)
FN:74,(anonymous_17)
FN:76,(anonymous_18)
FN:85,(anonymous_19)
FN:87,(anonymous_20)
FN:89,(anonymous_21)
FN:94,(anonymous_22)
FN:97,(anonymous_23)
FN:102,(anonymous_24)
FN:106,(anonymous_25)
FN:108,(anonymous_26)
FN:114,(anonymous_27)
FN:129,(anonymous_28)
FN:134,(anonymous_29)
FN:137,(anonymous_30)
FNF:31
FNH:17
FNDA:0,(anonymous_0)
FNDA:0,(anonymous_1)
FNDA:0,(anonymous_2)
FNDA:0,(anonymous_3)
FNDA:0,(anonymous_4)
FNDA:0,(anonymous_5)
FNDA:0,(anonymous_6)
FNDA:0,(anonymous_7)
FNDA:0,(anonymous_8)
FNDA:0,(anonymous_9)
FNDA:0,(anonymous_10)
FNDA:0,(anonymous_11)
FNDA:2,(anonymous_12)
FNDA:8,(anonymous_13)
FNDA:8,(anonymous_14)
FNDA:2,(anonymous_15)
FNDA:8,(anonymous_16)
FNDA:2,(anonymous_17)
FNDA:10,(anonymous_18)
FNDA:2,(anonymous_19)
FNDA:10,(anonymous_20)
FNDA:10,(anonymous_21)
FNDA:2,(anonymous_22)
FNDA:2,(anonymous_23)
FNDA:2,(anonymous_24)
FNDA:2,(anonymous_25)
FNDA:6,(anonymous_26)
FNDA:2,(anonymous_27)
FNDA:2,(anonymous_28)
FNDA:0,(anonymous_29)
FNDA:0,(anonymous_30)
DA:3,1
DA:5,1
DA:6,0
DA:9,1
DA:10,0
DA:13,1
DA:14,0
DA:17,1
DA:18,0
DA:21,1
DA:25,1
DA:29,1
DA:30,0
DA:33,1
DA:37,1
DA:41,1
DA:42,0
DA:45,1
DA:49,1
DA:50,0
DA:53,1
DA:55,8
DA:57,2
DA:58,8
DA:62,1
DA:64,2
DA:67,8
DA:68,8
DA:69,8
DA:74,1
DA:76,2
DA:79,10
DA:80,10
DA:81,10
DA:85,1
DA:87,10
DA:89,2
DA:90,10
DA:94,1
DA:95,2
DA:97,1
DA:98,2
DA:102,1
DA:103,2
DA:106,1
DA:108,2
DA:110,6
DA:112,6
DA:114,2
DA:116,2
DA:122,4
DA:129,1
DA:130,2
DA:131,2
DA:134,1
DA:135,0
DA:137,1
DA:138,0
LF:58
LH:49
BRDA:112,0,0,2
BRDA:112,0,1,4
BRF:2
BRH:2
end_of_record
TN:
SF:..\..\..\ravikumarkaklotar\Desktop\RCWILLEY\cypress\e2e\stepDefinitions\furnitureStepDefinitions\payPalPayment.cy.js
FN:5,(anonymous_0)
FN:9,(anonymous_1)
FN:13,(anonymous_2)
FN:17,(anonymous_3)
FN:21,(anonymous_4)
FN:25,(anonymous_5)
FN:29,(anonymous_6)
FN:33,(anonymous_7)
FN:37,(anonymous_8)
FN:41,(anonymous_9)
FN:45,(anonymous_10)
FN:49,(anonymous_11)
FN:53,(anonymous_12)
FN:55,(anonymous_13)
FN:57,(anonymous_14)
FN:62,(anonymous_15)
FN:64,(anonymous_16)
FN:74,(anonymous_17)
FN:76,(anonymous_18)
FN:85,(anonymous_19)
FN:87,(anonymous_20)
FN:89,(anonymous_21)
FN:94,(anonymous_22)
FN:97,(anonymous_23)
FN:102,(anonymous_24)
FN:107,(anonymous_25)
FN:111,(anonymous_26)
FN:116,(anonymous_27)
FNF:28
FNH:0
FNDA:0,(anonymous_0)
FNDA:0,(anonymous_1)
FNDA:0,(anonymous_2)
FNDA:0,(anonymous_3)
FNDA:0,(anonymous_4)
FNDA:0,(anonymous_5)
FNDA:0,(anonymous_6)
FNDA:0,(anonymous_7)
FNDA:0,(anonymous_8)
FNDA:0,(anonymous_9)
FNDA:0,(anonymous_10)
FNDA:0,(anonymous_11)
FNDA:0,(anonymous_12)
FNDA:0,(anonymous_13)
FNDA:0,(anonymous_14)
FNDA:0,(anonymous_15)
FNDA:0,(anonymous_16)
FNDA:0,(anonymous_17)
FNDA:0,(anonymous_18)
FNDA:0,(anonymous_19)
FNDA:0,(anonymous_20)
FNDA:0,(anonymous_21)
FNDA:0,(anonymous_22)
FNDA:0,(anonymous_23)
FNDA:0,(anonymous_24)
FNDA:0,(anonymous_25)
FNDA:0,(anonymous_26)
FNDA:0,(anonymous_27)
DA:3,1
DA:5,1
DA:6,0
DA:9,1
DA:10,0
DA:13,1
DA:14,0
DA:17,1
DA:18,0
DA:21,1
DA:25,1
DA:29,1
DA:30,0
DA:33,1
DA:37,1
DA:41,1
DA:42,0
DA:45,1
DA:49,1
DA:50,0
DA:53,1
DA:55,0
DA:57,0
DA:58,0
DA:62,1
DA:64,0
DA:67,0
DA:68,0
DA:69,0
DA:74,1
DA:76,0
DA:79,0
DA:80,0
DA:81,0
DA:85,1
DA:87,0
DA:89,0
DA:90,0
DA:94,1
DA:95,0
DA:97,1
DA:98,0
DA:102,1
DA:103,0
DA:107,1
DA:111,1
DA:112,0
DA:116,1
LF:48
LH:23
BRF:0
BRH:0
end_of_record
TN:
SF:..\..\..\ravikumarkaklotar\Desktop\RCWILLEY\cypress\support\commands.js
FN:29,(anonymous_0)
FNF:1
FNH:1
FNDA:4,(anonymous_0)
DA:29,1
DA:30,4
LF:2
LH:2
BRF:0
BRH:0
end_of_record
TN:
SF:..\..\..\ravikumarkaklotar\Desktop\RCWILLEY\cypress\support\e2e.js
FNF:0
FNH:0
DA:26,1
DA:27,1
DA:28,1
DA:29,1
DA:30,1
DA:31,1
LF:6
LH:6
BRDA:27,0,0,1
BRDA:27,0,1,0
BRF:2
BRH:1
end_of_record
